[0.274s] Invoking command in '/home/robot/robot_ws/build/ld08_driver': CMAKE_PREFIX_PATH=${CMAKE_PREFIX_PATH}:/home/robot/robot_ws/install/urdf_tutorial:/home/robot/turtlebot3_ws/install/turtlebot3_teleop:/home/robot/turtlebot3_ws/install/turtlebot3_example:/opt/ros/humble /usr/bin/cmake --build /home/robot/robot_ws/build/ld08_driver -- -j4 -l4
[0.392s] [35m[1mConsolidate compiler generated dependencies of target ld08_driver[0m
[0.444s] [ 16%] [32mBuilding CXX object CMakeFiles/ld08_driver.dir/src/lipkg.cpp.o[0m
[8.067s] [01m[K/home/robot/robot_ws/src/ld08_driver/src/lipkg.cpp:[m[K In member function â€˜[01m[Kvoid LiPkg::ToLaserscan(std::vector<PointData>)[m[Kâ€™:
[8.068s] [01m[K/home/robot/robot_ws/src/ld08_driver/src/lipkg.cpp:265:34:[m[K [01;31m[Kerror: [m[Kâ€˜[01m[KNaN[m[Kâ€™ was not declared in this scope; did you mean â€˜[01m[KNAN[m[Kâ€™?
[8.068s]   265 |       if(output.ranges[index] == [01;31m[KNaN[m[K)
[8.068s]       |                                  [01;31m[K^~~[m[K
[8.069s]       |                                  [32m[KNAN[m[K
[9.562s] gmake[2]: *** [CMakeFiles/ld08_driver.dir/build.make:90: CMakeFiles/ld08_driver.dir/src/lipkg.cpp.o] Error 1
[9.562s] gmake[1]: *** [CMakeFiles/Makefile2:137: CMakeFiles/ld08_driver.dir/all] Error 2
[9.563s] gmake: *** [Makefile:146: all] Error 2
[9.567s] Invoked command in '/home/robot/robot_ws/build/ld08_driver' returned '2': CMAKE_PREFIX_PATH=${CMAKE_PREFIX_PATH}:/home/robot/robot_ws/install/urdf_tutorial:/home/robot/turtlebot3_ws/install/turtlebot3_teleop:/home/robot/turtlebot3_ws/install/turtlebot3_example:/opt/ros/humble /usr/bin/cmake --build /home/robot/robot_ws/build/ld08_driver -- -j4 -l4
