[01m[K/home/robot/robot_ws/src/safeway_robot_controll_packet_RS485/src/rs485_send.cpp:[m[K In function â€˜[01m[Kint format_motion_command(COMM_HANDLE, const char*, ...)[m[Kâ€™:
[01m[K/home/robot/robot_ws/src/safeway_robot_controll_packet_RS485/src/rs485_send.cpp:23:16:[m[K [01;31m[Kerror: [m[Kâ€˜[01m[Kformat_motion_commandv[m[Kâ€™ was not declared in this scope; did you mean â€˜[01m[Kformat_motion_command[m[Kâ€™?
   23 |     nSentLen = [01;31m[Kformat_motion_commandv[m[K(hComm, pszFormat, arg);
      |                [01;31m[K^~~~~~~~~~~~~~~~~~~~~~[m[K
      |                [32m[Kformat_motion_command[m[K
[01m[K/home/robot/robot_ws/src/safeway_robot_controll_packet_RS485/src/rs485_send.cpp:[m[K At global scope:
[01m[K/home/robot/robot_ws/src/safeway_robot_controll_packet_RS485/src/rs485_send.cpp:10:13:[m[K [01;35m[Kwarning: [m[Kâ€˜[01m[Ks_szCmdRBuffer[m[Kâ€™ defined but not used [[01;35m[K]8;;https://gcc.gnu.org/onlinedocs/gcc/Warning-Options.html#index-Wunused-variable-Wunused-variable]8;;[m[K]
   10 | static char [01;35m[Ks_szCmdRBuffer[m[K[MOTION_CMD_BUFFER_SIZE];
      |             [01;35m[K^~~~~~~~~~~~~~[m[K
gmake[2]: *** [CMakeFiles/packet_RS485_subscriber.dir/build.make:104: CMakeFiles/packet_RS485_subscriber.dir/src/rs485_send.cpp.o] ì˜¤ë¥˜ 1
gmake[1]: *** [CMakeFiles/Makefile2:165: CMakeFiles/packet_RS485_subscriber.dir/all] ì˜¤ë¥˜ 2
gmake: *** [Makefile:146: all] ì˜¤ë¥˜ 2
