[0.084s] Invoking command in '/home/robot/robot_ws/build/safeway_robot_controll_packet_RS485': CMAKE_PREFIX_PATH=/opt/ros/humble /usr/bin/cmake --build /home/robot/robot_ws/build/safeway_robot_controll_packet_RS485 -- -j4 -l4
[0.164s] [35m[1mConsolidate compiler generated dependencies of target packet_RS485_subscriber[0m
[0.172s] [ 37%] Built target packet_RS485_publisher
[0.190s] [ 50%] [32mBuilding CXX object CMakeFiles/packet_RS485_subscriber.dir/src/rs485_send.cpp.o[0m
[0.191s] [ 62%] [32mBuilding CXX object CMakeFiles/packet_RS485_subscriber.dir/src/packet_RS485_subscriber.cpp.o[0m
[0.195s] [ 75%] [32mBuilding CXX object CMakeFiles/packet_RS485_subscriber.dir/src/rs485_comm.cpp.o[0m
[0.202s] [ 87%] [32mBuilding CXX object CMakeFiles/packet_RS485_subscriber.dir/src/rs485_crc16.cpp.o[0m
[0.250s] [01m[K/home/robot/robot_ws/src/safeway_robot_controll_packet_RS485/src/rs485_send.cpp:[m[K In function ‚Äò[01m[Kint format_motion_command(COMM_HANDLE, const char*, ...)[m[K‚Äô:
[0.250s] [01m[K/home/robot/robot_ws/src/safeway_robot_controll_packet_RS485/src/rs485_send.cpp:23:16:[m[K [01;31m[Kerror: [m[K‚Äò[01m[Kformat_motion_commandv[m[K‚Äô was not declared in this scope; did you mean ‚Äò[01m[Kformat_motion_command[m[K‚Äô?
[0.250s]    23 |     nSentLen = [01;31m[Kformat_motion_commandv[m[K(hComm, pszFormat, arg);
[0.250s]       |                [01;31m[K^~~~~~~~~~~~~~~~~~~~~~[m[K
[0.251s]       |                [32m[Kformat_motion_command[m[K
[0.253s] [01m[K/home/robot/robot_ws/src/safeway_robot_controll_packet_RS485/src/rs485_send.cpp:[m[K At global scope:
[0.254s] [01m[K/home/robot/robot_ws/src/safeway_robot_controll_packet_RS485/src/rs485_send.cpp:10:13:[m[K [01;35m[Kwarning: [m[K‚Äò[01m[Ks_szCmdRBuffer[m[K‚Äô defined but not used [[01;35m[K]8;;https://gcc.gnu.org/onlinedocs/gcc/Warning-Options.html#index-Wunused-variable-Wunused-variable]8;;[m[K]
[0.254s]    10 | static char [01;35m[Ks_szCmdRBuffer[m[K[MOTION_CMD_BUFFER_SIZE];
[0.255s]       |             [01;35m[K^~~~~~~~~~~~~~[m[K
[0.257s] gmake[2]: *** [CMakeFiles/packet_RS485_subscriber.dir/build.make:104: CMakeFiles/packet_RS485_subscriber.dir/src/rs485_send.cpp.o] Ïò§Î•ò 1
[0.258s] gmake[2]: *** ÎÅùÎÇòÏßÄ ÏïäÏùÄ ÏûëÏóÖÏùÑ Í∏∞Îã§Î¶¨Í≥† ÏûàÏäµÎãàÎã§....
[3.072s] [01m[K/home/robot/robot_ws/src/safeway_robot_controll_packet_RS485/src/packet_RS485_subscriber.cpp:36:27:[m[K [01;35m[Kwarning: [m[KISO C++ forbids converting a string constant to ‚Äò[01m[Kchar*[m[K‚Äô [[01;35m[K]8;;https://gcc.gnu.org/onlinedocs/gcc/Warning-Options.html#index-Wwrite-strings-Wwrite-strings]8;;[m[K]
[3.072s]    36 | static char *pszDevName = [01;35m[K"/dev/ttyUSB0"[m[K;
[3.072s]       |                           [01;35m[K^~~~~~~~~~~~~~[m[K
[3.161s] [01m[K/home/robot/robot_ws/src/safeway_robot_controll_packet_RS485/src/packet_RS485_subscriber.cpp:[m[K In member function ‚Äò[01m[Kvoid PacketRS485Subscriber::subscribe_topic_message(geometry_msgs::msg::Twist_<std::allocator<void> >::SharedPtr) const[m[K‚Äô:
[3.161s] [01m[K/home/robot/robot_ws/src/safeway_robot_controll_packet_RS485/src/packet_RS485_subscriber.cpp:65:12:[m[K [01;35m[Kwarning: [m[Kvariable ‚Äò[01m[Kspd_right[m[K‚Äô set but not used [[01;35m[K]8;;https://gcc.gnu.org/onlinedocs/gcc/Warning-Options.html#index-Wunused-but-set-variable-Wunused-but-set-variable]8;;[m[K]
[3.161s]    65 |     double [01;35m[Kspd_right[m[K, spd_left;
[3.161s]       |            [01;35m[K^~~~~~~~~[m[K
[3.161s] [01m[K/home/robot/robot_ws/src/safeway_robot_controll_packet_RS485/src/packet_RS485_subscriber.cpp:65:23:[m[K [01;35m[Kwarning: [m[Kvariable ‚Äò[01m[Kspd_left[m[K‚Äô set but not used [[01;35m[K]8;;https://gcc.gnu.org/onlinedocs/gcc/Warning-Options.html#index-Wunused-but-set-variable-Wunused-but-set-variable]8;;[m[K]
[3.161s]    65 |     double spd_right, [01;35m[Kspd_left[m[K;
[3.161s]       |                       [01;35m[K^~~~~~~~[m[K
[3.166s] [01m[K/home/robot/robot_ws/src/safeway_robot_controll_packet_RS485/src/packet_RS485_subscriber.cpp:[m[K In function ‚Äò[01m[Kint main(int, char**)[m[K‚Äô:
[3.166s] [01m[K/home/robot/robot_ws/src/safeway_robot_controll_packet_RS485/src/packet_RS485_subscriber.cpp:86:15:[m[K [01;35m[Kwarning: [m[Kunused variable ‚Äò[01m[KhComm[m[K‚Äô [[01;35m[K]8;;https://gcc.gnu.org/onlinedocs/gcc/Warning-Options.html#index-Wunused-variable-Wunused-variable]8;;[m[K]
[3.166s]    86 |   COMM_HANDLE [01;35m[KhComm[m[K = open_comm_dev(pszDevName, nBaud);
[3.166s]       |               [01;35m[K^~~~~[m[K
[11.419s] gmake[1]: *** [CMakeFiles/Makefile2:165: CMakeFiles/packet_RS485_subscriber.dir/all] Ïò§Î•ò 2
[11.419s] gmake: *** [Makefile:146: all] Ïò§Î•ò 2
[11.421s] Invoked command in '/home/robot/robot_ws/build/safeway_robot_controll_packet_RS485' returned '2': CMAKE_PREFIX_PATH=/opt/ros/humble /usr/bin/cmake --build /home/robot/robot_ws/build/safeway_robot_controll_packet_RS485 -- -j4 -l4
