[1.634s] Invoking command in '/home/robot/robot_ws/build/clustering_cpp': CMAKE_PREFIX_PATH=/home/robot/robot_ws/install/message_interface:/home/robot/robot_ws/install/ydlidar_sdk:/home/robot/robot_ws/install/slam_toolbox:/home/robot/robot_ws/install/safeway_robot_controll_packet_rs485:/home/robot/robot_ws/install/safeway_robot_controll_packet_RS485:/home/robot/robot_ws/install/pointcloud_to_laserscan:/home/robot/robot_ws/install/onetouch_launch:/home/robot/robot_ws/install/nav2_test_utils:/home/robot/robot_ws/install/nav2_common:/home/robot/robot_ws/install/my_first_ros_rclcpp_pkg:/home/robot/robot_ws/install/clustering_cpp:/home/robot/robot_ws/install/ldlidar_stl_ros2:/home/robot/robot_ws/install/ld08_driver:/home/robot/robot_ws/install/gl_ros2_driver:/home/robot/robot_ws/install/car_odom:/home/robot/ldlidar_ros2_ws/install/ldlidar_stl_ros2:/home/robot/ydlidar_ros2_driver/install/ydlidar_ros2_driver:/home/robot/install/safeway_robot_controll_packet_RS485:/home/robot/turtlebot3_ws/install/turtlebot3:/home/robot/turtlebot3_ws/install/turtlebot3_bringup:/home/robot/turtlebot3_ws/install/turtlebot3_node:/home/robot/turtlebot3_ws/install/turtlebot3_navigation2:/home/robot/turtlebot3_ws/install/turtlebot3_msgs:/home/robot/turtlebot3_ws/install/turtlebot3_description:/home/robot/turtlebot3_ws/install/turtlebot3_cartographer:/home/robot/turtlebot3_ws/install/ld08_driver:/home/robot/turtlebot3_ws/install/dynamixel_sdk_examples:/home/robot/turtlebot3_ws/install/dynamixel_sdk_custom_interfaces:/home/robot/turtlebot3_ws/install/dynamixel_sdk:/home/robot/ros2_ws/install/object_detection_ros2:/home/robot/ros2_ws/install/message_interface:/home/robot/ros2_ws/install/gl_ros2_driver_udp:/home/robot/ros2_ws/install/gl_ros2_driver:/home/robot/robot_ws/install/urdf_tutorial:/home/robot/turtlebot3_ws/install/turtlebot3_teleop:/home/robot/turtlebot3_ws/install/turtlebot3_example:/opt/ros/humble LD_LIBRARY_PATH=/home/robot/robot_ws/install/message_interface/lib:/home/robot/robot_ws/install/slam_toolbox/lib:/home/robot/robot_ws/install/pointcloud_to_laserscan/lib:/home/robot/turtlebot3_ws/install/turtlebot3_msgs/lib:/home/robot/turtlebot3_ws/install/dynamixel_sdk_custom_interfaces/lib:/home/robot/turtlebot3_ws/install/dynamixel_sdk/lib:/home/robot/ros2_ws/install/message_interface/lib:/usr/lib/x86_64-linux-gnu/gazebo-11/plugins:/opt/ros/humble/opt/rviz_ogre_vendor/lib:/opt/ros/humble/lib/x86_64-linux-gnu:/opt/ros/humble/lib /usr/bin/cmake --build /home/robot/robot_ws/build/clustering_cpp -- -j4 -l4
[1.749s] [35m[1mConsolidate compiler generated dependencies of target clustering[0m
[1.795s] [ 50%] [32mBuilding CXX object CMakeFiles/clustering.dir/src/clustering.cpp.o[0m
[4.416s] In file included from [01m[K/home/robot/robot_ws/src/clustering_cpp/src/clustering.cpp:26[m[K:
[4.417s] [01m[K/opt/ros/humble/include/sensor_msgs/sensor_msgs/point_cloud_conversion.hpp:47:6:[m[K [01;35m[Kwarning: [m[K#warning POINT_CLOUD_DEPRECATION_MESSAGE [[01;35m[K]8;;https://gcc.gnu.org/onlinedocs/gcc/Warning-Options.html#index-Wcpp-Wcpp]8;;[m[K]
[4.417s]    47 | #    [01;35m[Kwarning[m[K POINT_CLOUD_DEPRECATION_MESSAGE
[4.417s]       |      [01;35m[K^~~~~~~[m[K
[10.571s] [01m[K/home/robot/robot_ws/src/clustering_cpp/src/clustering.cpp:[m[K In member function â€˜[01m[Kvoid clusteringNode::timer_callback()[m[Kâ€™:
[10.571s] [01m[K/home/robot/robot_ws/src/clustering_cpp/src/clustering.cpp:196:37:[m[K [01;31m[Kerror: [m[Kexpected â€˜[01m[K;[m[Kâ€™ before â€˜[01m[K}[m[Kâ€™ token
[10.571s]   196 |             remote_controller = true
[10.571s]       |                                     [01;31m[K^[m[K
[10.571s]       |                                     [32m[K;[m[K
[10.571s]   197 |         [32m[K}[m[K
[10.571s]       |         [32m[K~[m[K                            
[10.576s] [01m[K/home/robot/robot_ws/src/clustering_cpp/src/clustering.cpp:158:9:[m[K [01;35m[Kwarning: [m[Kunused variable â€˜[01m[Klost[m[Kâ€™ [[01;35m[K]8;;https://gcc.gnu.org/onlinedocs/gcc/Warning-Options.html#index-Wunused-variable-Wunused-variable]8;;[m[K]
[10.576s]   158 |     int [01;35m[Klost[m[K, collision;
[10.576s]       |         [01;35m[K^~~~[m[K
[10.576s] [01m[K/home/robot/robot_ws/src/clustering_cpp/src/clustering.cpp:158:15:[m[K [01;35m[Kwarning: [m[Kunused variable â€˜[01m[Kcollision[m[Kâ€™ [[01;35m[K]8;;https://gcc.gnu.org/onlinedocs/gcc/Warning-Options.html#index-Wunused-variable-Wunused-variable]8;;[m[K]
[10.576s]   158 |     int lost, [01;35m[Kcollision[m[K;
[10.577s]       |               [01;35m[K^~~~~~~~~[m[K
[10.610s] [01m[K/home/robot/robot_ws/src/clustering_cpp/src/clustering.cpp:[m[K In member function â€˜[01m[Kvoid clusteringNode::mapOutPub(std::vector<ObjInfo>, int)[m[Kâ€™:
[10.610s] [01m[K/home/robot/robot_ws/src/clustering_cpp/src/clustering.cpp:510:22:[m[K [01;35m[Kwarning: [m[Kâ€˜[01m[Kbool sensor_msgs::convertPointCloudToPointCloud2(const PointCloud&, sensor_msgs::msg::PointCloud2&)[m[Kâ€™ is deprecated: PointCloud is deprecated as of Foxy in favor of sensor_msgs/PointCloud2. [[01;35m[K]8;;https://gcc.gnu.org/onlinedocs/gcc/Warning-Options.html#index-Wdeprecated-declarations-Wdeprecated-declarations]8;;[m[K]
[10.610s]   510 |         sensor_msgs::[01;35m[KconvertPointCloudToPointCloud2[m[K(out_msg, out_msg2);
[10.611s]       |                      [01;35m[K^~~~~~~~~~~~~~~~~~~~~~~~~~~~~~[m[K
[10.611s] In file included from [01m[K/home/robot/robot_ws/src/clustering_cpp/src/clustering.cpp:26[m[K:
[10.611s] [01m[K/opt/ros/humble/include/sensor_msgs/sensor_msgs/point_cloud_conversion.hpp:81:20:[m[K [01;36m[Knote: [m[Kdeclared here
[10.611s]    81 | static inline bool [01;36m[KconvertPointCloudToPointCloud2[m[K(
[10.611s]       |                    [01;36m[K^~~~~~~~~~~~~~~~~~~~~~~~~~~~~~[m[K
[10.611s] [01m[K/home/robot/robot_ws/src/clustering_cpp/src/clustering.cpp:510:52:[m[K [01;35m[Kwarning: [m[Kâ€˜[01m[Kbool sensor_msgs::convertPointCloudToPointCloud2(const PointCloud&, sensor_msgs::msg::PointCloud2&)[m[Kâ€™ is deprecated: PointCloud is deprecated as of Foxy in favor of sensor_msgs/PointCloud2. [[01;35m[K]8;;https://gcc.gnu.org/onlinedocs/gcc/Warning-Options.html#index-Wdeprecated-declarations-Wdeprecated-declarations]8;;[m[K]
[10.611s]   510 |         [01;35m[Ksensor_msgs::convertPointCloudToPointCloud2(out_msg, out_msg2)[m[K;
[10.612s]       |         [01;35m[K~~~~~~~~~~~~~~~~~~~~~~~~~~~~~~~~~~~~~~~~~~~^~~~~~~~~~~~~~~~~~~[m[K
[10.612s] In file included from [01m[K/home/robot/robot_ws/src/clustering_cpp/src/clustering.cpp:26[m[K:
[10.612s] [01m[K/opt/ros/humble/include/sensor_msgs/sensor_msgs/point_cloud_conversion.hpp:81:20:[m[K [01;36m[Knote: [m[Kdeclared here
[10.613s]    81 | static inline bool [01;36m[KconvertPointCloudToPointCloud2[m[K(
[10.613s]       |                    [01;36m[K^~~~~~~~~~~~~~~~~~~~~~~~~~~~~~[m[K
[10.613s] [01m[K/home/robot/robot_ws/src/clustering_cpp/src/clustering.cpp:[m[K In member function â€˜[01m[Kvoid clusteringNode::pubMarker(std::vector<ObjInfo>)[m[Kâ€™:
[10.613s] [01m[K/home/robot/robot_ws/src/clustering_cpp/src/clustering.cpp:565:14:[m[K [01;35m[Kwarning: [m[Kcomparison of integer expressions of different signedness: â€˜[01m[Ksize_t[m[Kâ€™ {aka â€˜[01m[Klong unsigned int[m[Kâ€™} and â€˜[01m[Kint[m[Kâ€™ [[01;35m[K]8;;https://gcc.gnu.org/onlinedocs/gcc/Warning-Options.html#index-Wsign-compare-Wsign-compare]8;;[m[K]
[10.613s]   565 |         if([01;35m[Ki == target_id-1[m[K)
[10.613s]       |            [01;35m[K~~^~~~~~~~~~~~~~[m[K
[10.613s] [01m[K/home/robot/robot_ws/src/clustering_cpp/src/clustering.cpp:518:12:[m[K [01;35m[Kwarning: [m[Kunused variable â€˜[01m[Kdistance[m[Kâ€™ [[01;35m[K]8;;https://gcc.gnu.org/onlinedocs/gcc/Warning-Options.html#index-Wunused-variable-Wunused-variable]8;;[m[K]
[10.613s]   518 |     double [01;35m[Kdistance[m[K;
[10.613s]       |            [01;35m[K^~~~~~~~[m[K
[16.390s] gmake[2]: *** [CMakeFiles/clustering.dir/build.make:76: CMakeFiles/clustering.dir/src/clustering.cpp.o] Error 1
[16.390s] gmake[1]: *** [CMakeFiles/Makefile2:137: CMakeFiles/clustering.dir/all] Error 2
[16.390s] gmake: *** [Makefile:146: all] Error 2
[16.392s] Invoked command in '/home/robot/robot_ws/build/clustering_cpp' returned '2': CMAKE_PREFIX_PATH=/home/robot/robot_ws/install/message_interface:/home/robot/robot_ws/install/ydlidar_sdk:/home/robot/robot_ws/install/slam_toolbox:/home/robot/robot_ws/install/safeway_robot_controll_packet_rs485:/home/robot/robot_ws/install/safeway_robot_controll_packet_RS485:/home/robot/robot_ws/install/pointcloud_to_laserscan:/home/robot/robot_ws/install/onetouch_launch:/home/robot/robot_ws/install/nav2_test_utils:/home/robot/robot_ws/install/nav2_common:/home/robot/robot_ws/install/my_first_ros_rclcpp_pkg:/home/robot/robot_ws/install/clustering_cpp:/home/robot/robot_ws/install/ldlidar_stl_ros2:/home/robot/robot_ws/install/ld08_driver:/home/robot/robot_ws/install/gl_ros2_driver:/home/robot/robot_ws/install/car_odom:/home/robot/ldlidar_ros2_ws/install/ldlidar_stl_ros2:/home/robot/ydlidar_ros2_driver/install/ydlidar_ros2_driver:/home/robot/install/safeway_robot_controll_packet_RS485:/home/robot/turtlebot3_ws/install/turtlebot3:/home/robot/turtlebot3_ws/install/turtlebot3_bringup:/home/robot/turtlebot3_ws/install/turtlebot3_node:/home/robot/turtlebot3_ws/install/turtlebot3_navigation2:/home/robot/turtlebot3_ws/install/turtlebot3_msgs:/home/robot/turtlebot3_ws/install/turtlebot3_description:/home/robot/turtlebot3_ws/install/turtlebot3_cartographer:/home/robot/turtlebot3_ws/install/ld08_driver:/home/robot/turtlebot3_ws/install/dynamixel_sdk_examples:/home/robot/turtlebot3_ws/install/dynamixel_sdk_custom_interfaces:/home/robot/turtlebot3_ws/install/dynamixel_sdk:/home/robot/ros2_ws/install/object_detection_ros2:/home/robot/ros2_ws/install/message_interface:/home/robot/ros2_ws/install/gl_ros2_driver_udp:/home/robot/ros2_ws/install/gl_ros2_driver:/home/robot/robot_ws/install/urdf_tutorial:/home/robot/turtlebot3_ws/install/turtlebot3_teleop:/home/robot/turtlebot3_ws/install/turtlebot3_example:/opt/ros/humble LD_LIBRARY_PATH=/home/robot/robot_ws/install/message_interface/lib:/home/robot/robot_ws/install/slam_toolbox/lib:/home/robot/robot_ws/install/pointcloud_to_laserscan/lib:/home/robot/turtlebot3_ws/install/turtlebot3_msgs/lib:/home/robot/turtlebot3_ws/install/dynamixel_sdk_custom_interfaces/lib:/home/robot/turtlebot3_ws/install/dynamixel_sdk/lib:/home/robot/ros2_ws/install/message_interface/lib:/usr/lib/x86_64-linux-gnu/gazebo-11/plugins:/opt/ros/humble/opt/rviz_ogre_vendor/lib:/opt/ros/humble/lib/x86_64-linux-gnu:/opt/ros/humble/lib /usr/bin/cmake --build /home/robot/robot_ws/build/clustering_cpp -- -j4 -l4
