[1.545s] Invoking command in '/home/robot/robot_ws/build/clustering_cpp': CMAKE_PREFIX_PATH=/home/robot/robot_ws/install/message_interface:/home/robot/robot_ws/install/ydlidar_sdk:/home/robot/robot_ws/install/slam_toolbox:/home/robot/robot_ws/install/safeway_robot_controll_packet_rs485:/home/robot/robot_ws/install/safeway_robot_controll_packet_RS485:/home/robot/robot_ws/install/pointcloud_to_laserscan:/home/robot/robot_ws/install/onetouch_launch:/home/robot/robot_ws/install/nav2_test_utils:/home/robot/robot_ws/install/nav2_common:/home/robot/robot_ws/install/my_first_ros_rclcpp_pkg:/home/robot/robot_ws/install/clustering_cpp:/home/robot/robot_ws/install/ldlidar_stl_ros2:/home/robot/robot_ws/install/ld08_driver:/home/robot/robot_ws/install/gl_ros2_driver:/home/robot/robot_ws/install/car_odom:/home/robot/ldlidar_ros2_ws/install/ldlidar_stl_ros2:/home/robot/ydlidar_ros2_driver/install/ydlidar_ros2_driver:/home/robot/install/safeway_robot_controll_packet_RS485:/home/robot/turtlebot3_ws/install/turtlebot3:/home/robot/turtlebot3_ws/install/turtlebot3_bringup:/home/robot/turtlebot3_ws/install/turtlebot3_node:/home/robot/turtlebot3_ws/install/turtlebot3_navigation2:/home/robot/turtlebot3_ws/install/turtlebot3_msgs:/home/robot/turtlebot3_ws/install/turtlebot3_description:/home/robot/turtlebot3_ws/install/turtlebot3_cartographer:/home/robot/turtlebot3_ws/install/ld08_driver:/home/robot/turtlebot3_ws/install/dynamixel_sdk_examples:/home/robot/turtlebot3_ws/install/dynamixel_sdk_custom_interfaces:/home/robot/turtlebot3_ws/install/dynamixel_sdk:/home/robot/ros2_ws/install/object_detection_ros2:/home/robot/ros2_ws/install/message_interface:/home/robot/ros2_ws/install/gl_ros2_driver_udp:/home/robot/ros2_ws/install/gl_ros2_driver:/home/robot/robot_ws/install/urdf_tutorial:/home/robot/turtlebot3_ws/install/turtlebot3_teleop:/home/robot/turtlebot3_ws/install/turtlebot3_example:/opt/ros/humble LD_LIBRARY_PATH=/home/robot/robot_ws/install/message_interface/lib:/home/robot/robot_ws/install/slam_toolbox/lib:/home/robot/robot_ws/install/pointcloud_to_laserscan/lib:/home/robot/turtlebot3_ws/install/turtlebot3_msgs/lib:/home/robot/turtlebot3_ws/install/dynamixel_sdk_custom_interfaces/lib:/home/robot/turtlebot3_ws/install/dynamixel_sdk/lib:/home/robot/ros2_ws/install/message_interface/lib:/usr/lib/x86_64-linux-gnu/gazebo-11/plugins:/opt/ros/humble/opt/rviz_ogre_vendor/lib:/opt/ros/humble/lib/x86_64-linux-gnu:/opt/ros/humble/lib /usr/bin/cmake --build /home/robot/robot_ws/build/clustering_cpp -- -j4 -l4
[1.815s] [35m[1mConsolidate compiler generated dependencies of target clustering[0m
[1.816s] [ 50%] [32mBuilding CXX object CMakeFiles/clustering.dir/src/clustering.cpp.o[0m
[4.233s] In file included from [01m[K/home/robot/robot_ws/src/clustering_cpp/src/clustering.cpp:25[m[K:
[4.233s] [01m[K/opt/ros/humble/include/sensor_msgs/sensor_msgs/point_cloud_conversion.hpp:47:6:[m[K [01;35m[Kwarning: [m[K#warning POINT_CLOUD_DEPRECATION_MESSAGE [[01;35m[K]8;;https://gcc.gnu.org/onlinedocs/gcc/Warning-Options.html#index-Wcpp-Wcpp]8;;[m[K]
[4.233s]    47 | #    [01;35m[Kwarning[m[K POINT_CLOUD_DEPRECATION_MESSAGE
[4.234s]       |      [01;35m[K^~~~~~~[m[K
[10.348s] [01m[K/home/robot/robot_ws/src/clustering_cpp/src/clustering.cpp:[m[K In member function â€˜[01m[Kvoid clusteringNode::timer_callback()[m[Kâ€™:
[10.348s] [01m[K/home/robot/robot_ws/src/clustering_cpp/src/clustering.cpp:186:9:[m[K [01;31m[Kerror: [m[Kâ€˜[01m[Kcout[m[Kâ€™ was not declared in this scope; did you mean â€˜[01m[Kstd::cout[m[Kâ€™?
[10.348s]   186 |         [01;31m[Kcout[m[K << "start: " << spent.count() << std::endl;
[10.348s]       |         [01;31m[K^~~~[m[K
[10.348s]       |         [32m[Kstd::cout[m[K
[10.348s] In file included from [01m[K/home/robot/robot_ws/src/clustering_cpp/src/clustering.cpp:1[m[K:
[10.348s] [01m[K/usr/include/c++/11/iostream:61:18:[m[K [01;36m[Knote: [m[Kâ€˜[01m[Kstd::cout[m[Kâ€™ declared here
[10.348s]    61 |   extern ostream [01;36m[Kcout[m[K;          /// Linked to standard output
[10.349s]       |                  [01;36m[K^~~~[m[K
[10.352s] [01m[K/home/robot/robot_ws/src/clustering_cpp/src/clustering.cpp:264:5:[m[K [01;31m[Kerror: [m[Kâ€˜[01m[Kcout[m[Kâ€™ was not declared in this scope; did you mean â€˜[01m[Kstd::cout[m[Kâ€™?
[10.352s]   264 |     [01;31m[Kcout[m[K << "end: " << spent.count() << std::endl;
[10.352s]       |     [01;31m[K^~~~[m[K
[10.352s]       |     [32m[Kstd::cout[m[K
[10.352s] In file included from [01m[K/home/robot/robot_ws/src/clustering_cpp/src/clustering.cpp:1[m[K:
[10.352s] [01m[K/usr/include/c++/11/iostream:61:18:[m[K [01;36m[Knote: [m[Kâ€˜[01m[Kstd::cout[m[Kâ€™ declared here
[10.352s]    61 |   extern ostream [01;36m[Kcout[m[K;          /// Linked to standard output
[10.352s]       |                  [01;36m[K^~~~[m[K
[10.352s] [01m[K/home/robot/robot_ws/src/clustering_cpp/src/clustering.cpp:154:9:[m[K [01;35m[Kwarning: [m[Kunused variable â€˜[01m[Klost[m[Kâ€™ [[01;35m[K]8;;https://gcc.gnu.org/onlinedocs/gcc/Warning-Options.html#index-Wunused-variable-Wunused-variable]8;;[m[K]
[10.352s]   154 |     int [01;35m[Klost[m[K, collision;
[10.352s]       |         [01;35m[K^~~~[m[K
[10.353s] [01m[K/home/robot/robot_ws/src/clustering_cpp/src/clustering.cpp:155:12:[m[K [01;35m[Kwarning: [m[Kunused variable â€˜[01m[Kstep_per_wheel[m[Kâ€™ [[01;35m[K]8;;https://gcc.gnu.org/onlinedocs/gcc/Warning-Options.html#index-Wunused-variable-Wunused-variable]8;;[m[K]
[10.353s]   155 |     double [01;35m[Kstep_per_wheel[m[K = 120.0;
[10.353s]       |            [01;35m[K^~~~~~~~~~~~~~[m[K
[10.383s] [01m[K/home/robot/robot_ws/src/clustering_cpp/src/clustering.cpp:[m[K In member function â€˜[01m[Kvoid clusteringNode::mapOutPub(std::vector<ObjInfo>, int)[m[Kâ€™:
[10.384s] [01m[K/home/robot/robot_ws/src/clustering_cpp/src/clustering.cpp:502:22:[m[K [01;35m[Kwarning: [m[Kâ€˜[01m[Kbool sensor_msgs::convertPointCloudToPointCloud2(const PointCloud&, sensor_msgs::msg::PointCloud2&)[m[Kâ€™ is deprecated: PointCloud is deprecated as of Foxy in favor of sensor_msgs/PointCloud2. [[01;35m[K]8;;https://gcc.gnu.org/onlinedocs/gcc/Warning-Options.html#index-Wdeprecated-declarations-Wdeprecated-declarations]8;;[m[K]
[10.384s]   502 |         sensor_msgs::[01;35m[KconvertPointCloudToPointCloud2[m[K(out_msg, out_msg2);
[10.384s]       |                      [01;35m[K^~~~~~~~~~~~~~~~~~~~~~~~~~~~~~[m[K
[10.384s] In file included from [01m[K/home/robot/robot_ws/src/clustering_cpp/src/clustering.cpp:25[m[K:
[10.384s] [01m[K/opt/ros/humble/include/sensor_msgs/sensor_msgs/point_cloud_conversion.hpp:81:20:[m[K [01;36m[Knote: [m[Kdeclared here
[10.384s]    81 | static inline bool [01;36m[KconvertPointCloudToPointCloud2[m[K(
[10.384s]       |                    [01;36m[K^~~~~~~~~~~~~~~~~~~~~~~~~~~~~~[m[K
[10.384s] [01m[K/home/robot/robot_ws/src/clustering_cpp/src/clustering.cpp:502:52:[m[K [01;35m[Kwarning: [m[Kâ€˜[01m[Kbool sensor_msgs::convertPointCloudToPointCloud2(const PointCloud&, sensor_msgs::msg::PointCloud2&)[m[Kâ€™ is deprecated: PointCloud is deprecated as of Foxy in favor of sensor_msgs/PointCloud2. [[01;35m[K]8;;https://gcc.gnu.org/onlinedocs/gcc/Warning-Options.html#index-Wdeprecated-declarations-Wdeprecated-declarations]8;;[m[K]
[10.385s]   502 |         [01;35m[Ksensor_msgs::convertPointCloudToPointCloud2(out_msg, out_msg2)[m[K;
[10.385s]       |         [01;35m[K~~~~~~~~~~~~~~~~~~~~~~~~~~~~~~~~~~~~~~~~~~~^~~~~~~~~~~~~~~~~~~[m[K
[10.385s] In file included from [01m[K/home/robot/robot_ws/src/clustering_cpp/src/clustering.cpp:25[m[K:
[10.385s] [01m[K/opt/ros/humble/include/sensor_msgs/sensor_msgs/point_cloud_conversion.hpp:81:20:[m[K [01;36m[Knote: [m[Kdeclared here
[10.385s]    81 | static inline bool [01;36m[KconvertPointCloudToPointCloud2[m[K(
[10.385s]       |                    [01;36m[K^~~~~~~~~~~~~~~~~~~~~~~~~~~~~~[m[K
[16.124s] gmake[2]: *** [CMakeFiles/clustering.dir/build.make:76: CMakeFiles/clustering.dir/src/clustering.cpp.o] Error 1
[16.125s] gmake[1]: *** [CMakeFiles/Makefile2:137: CMakeFiles/clustering.dir/all] Error 2
[16.125s] gmake: *** [Makefile:146: all] Error 2
[16.127s] Invoked command in '/home/robot/robot_ws/build/clustering_cpp' returned '2': CMAKE_PREFIX_PATH=/home/robot/robot_ws/install/message_interface:/home/robot/robot_ws/install/ydlidar_sdk:/home/robot/robot_ws/install/slam_toolbox:/home/robot/robot_ws/install/safeway_robot_controll_packet_rs485:/home/robot/robot_ws/install/safeway_robot_controll_packet_RS485:/home/robot/robot_ws/install/pointcloud_to_laserscan:/home/robot/robot_ws/install/onetouch_launch:/home/robot/robot_ws/install/nav2_test_utils:/home/robot/robot_ws/install/nav2_common:/home/robot/robot_ws/install/my_first_ros_rclcpp_pkg:/home/robot/robot_ws/install/clustering_cpp:/home/robot/robot_ws/install/ldlidar_stl_ros2:/home/robot/robot_ws/install/ld08_driver:/home/robot/robot_ws/install/gl_ros2_driver:/home/robot/robot_ws/install/car_odom:/home/robot/ldlidar_ros2_ws/install/ldlidar_stl_ros2:/home/robot/ydlidar_ros2_driver/install/ydlidar_ros2_driver:/home/robot/install/safeway_robot_controll_packet_RS485:/home/robot/turtlebot3_ws/install/turtlebot3:/home/robot/turtlebot3_ws/install/turtlebot3_bringup:/home/robot/turtlebot3_ws/install/turtlebot3_node:/home/robot/turtlebot3_ws/install/turtlebot3_navigation2:/home/robot/turtlebot3_ws/install/turtlebot3_msgs:/home/robot/turtlebot3_ws/install/turtlebot3_description:/home/robot/turtlebot3_ws/install/turtlebot3_cartographer:/home/robot/turtlebot3_ws/install/ld08_driver:/home/robot/turtlebot3_ws/install/dynamixel_sdk_examples:/home/robot/turtlebot3_ws/install/dynamixel_sdk_custom_interfaces:/home/robot/turtlebot3_ws/install/dynamixel_sdk:/home/robot/ros2_ws/install/object_detection_ros2:/home/robot/ros2_ws/install/message_interface:/home/robot/ros2_ws/install/gl_ros2_driver_udp:/home/robot/ros2_ws/install/gl_ros2_driver:/home/robot/robot_ws/install/urdf_tutorial:/home/robot/turtlebot3_ws/install/turtlebot3_teleop:/home/robot/turtlebot3_ws/install/turtlebot3_example:/opt/ros/humble LD_LIBRARY_PATH=/home/robot/robot_ws/install/message_interface/lib:/home/robot/robot_ws/install/slam_toolbox/lib:/home/robot/robot_ws/install/pointcloud_to_laserscan/lib:/home/robot/turtlebot3_ws/install/turtlebot3_msgs/lib:/home/robot/turtlebot3_ws/install/dynamixel_sdk_custom_interfaces/lib:/home/robot/turtlebot3_ws/install/dynamixel_sdk/lib:/home/robot/ros2_ws/install/message_interface/lib:/usr/lib/x86_64-linux-gnu/gazebo-11/plugins:/opt/ros/humble/opt/rviz_ogre_vendor/lib:/opt/ros/humble/lib/x86_64-linux-gnu:/opt/ros/humble/lib /usr/bin/cmake --build /home/robot/robot_ws/build/clustering_cpp -- -j4 -l4
