[0.596s] Invoking command in '/home/robot/robot_ws/build/nav2_test_utils': /usr/bin/cmake --build /home/robot/robot_ws/build/nav2_test_utils -- -j4 -l4
[0.646s] -- Found ament_cmake: 1.3.7 (/opt/ros/humble/share/ament_cmake/cmake)
[0.993s] -- Found rclcpp: 16.0.8 (/opt/ros/humble/share/rclcpp/cmake)
[1.083s] -- Found rosidl_generator_c: 3.1.5 (/opt/ros/humble/share/rosidl_generator_c/cmake)
[1.086s] -- Found rosidl_adapter: 3.1.5 (/opt/ros/humble/share/rosidl_adapter/cmake)
[1.096s] -- Found rosidl_generator_cpp: 3.1.5 (/opt/ros/humble/share/rosidl_generator_cpp/cmake)
[1.119s] -- Using all available rosidl_typesupport_c: rosidl_typesupport_fastrtps_c;rosidl_typesupport_introspection_c
[1.147s] -- Using all available rosidl_typesupport_cpp: rosidl_typesupport_fastrtps_cpp;rosidl_typesupport_introspection_cpp
[1.286s] -- Found rmw_implementation_cmake: 6.1.1 (/opt/ros/humble/share/rmw_implementation_cmake/cmake)
[1.290s] -- Found rmw_fastrtps_cpp: 6.2.6 (/opt/ros/humble/share/rmw_fastrtps_cpp/cmake)
[1.627s] -- Using RMW implementation 'rmw_fastrtps_cpp' as default
[1.876s] -- Found rclcpp_action: 16.0.8 (/opt/ros/humble/share/rclcpp_action/cmake)
[1.977s] -- Found nav2_msgs: 1.1.12 (/opt/ros/humble/share/nav2_msgs/cmake)
[2.356s] -- Found ament_lint_auto: 0.12.10 (/opt/ros/humble/share/ament_lint_auto/cmake)
[2.415s] Error parsing '/home/robot/robot_ws/src/nav2_test_utils-master/package.xml':
[2.470s] Traceback (most recent call last):
[2.470s]   File "/opt/ros/humble/share/ament_cmake_core/cmake/core/package_xml_2_cmake.py", line 150, in <module>
[2.470s]     main()
[2.470s]   File "/opt/ros/humble/share/ament_cmake_core/cmake/core/package_xml_2_cmake.py", line 53, in main
[2.470s]     raise e
[2.471s]   File "/opt/ros/humble/share/ament_cmake_core/cmake/core/package_xml_2_cmake.py", line 49, in main
[2.471s]     package = parse_package_string(
[2.471s]   File "/usr/lib/python3/dist-packages/catkin_pkg/package.py", line 786, in parse_package_string
[2.471s]     raise InvalidPackage('Error(s):%s' % (''.join(['\n- %s' % e for e in errors])), filename)
[2.471s] catkin_pkg.package.InvalidPackage: Error(s) in package '/home/robot/robot_ws/src/nav2_test_utils-master/package.xml':
[2.471s] Error(s):
[2.471s] - The manifest of package "nav2_test_utils" (with format version 3) must not contain the following tags: root
[2.486s] [31mCMake Error at /opt/ros/humble/share/ament_cmake_core/cmake/core/ament_package_xml.cmake:95 (message):
[2.486s]   execute_process(/usr/bin/python3.10
[2.486s]   /opt/ros/humble/share/ament_cmake_core/cmake/core/package_xml_2_cmake.py
[2.486s]   /home/robot/robot_ws/src/nav2_test_utils-master/package.xml
[2.486s]   /home/robot/robot_ws/build/nav2_test_utils/ament_cmake_core/package.cmake)
[2.487s]   returned error code 1
[2.487s] Call Stack (most recent call first):
[2.487s]   /opt/ros/humble/share/ament_cmake_core/cmake/core/ament_package_xml.cmake:49 (_ament_package_xml)
[2.487s]   /opt/ros/humble/share/ament_lint_auto/cmake/ament_lint_auto_find_test_dependencies.cmake:31 (ament_package_xml)
[2.487s]   CMakeLists.txt:56 (ament_lint_auto_find_test_dependencies)
[2.487s] 
[2.487s] [0m
[2.487s] -- Configuring incomplete, errors occurred!
[2.487s] See also "/home/robot/robot_ws/build/nav2_test_utils/CMakeFiles/CMakeOutput.log".
[2.493s] gmake: *** [Makefile:308: cmake_check_build_system] Error 1
[2.495s] Invoked command in '/home/robot/robot_ws/build/nav2_test_utils' returned '2': /usr/bin/cmake --build /home/robot/robot_ws/build/nav2_test_utils -- -j4 -l4
