[0.299s] Invoking command in '/home/robot/robot_ws/build/clustering_cpp': CMAKE_PREFIX_PATH=${CMAKE_PREFIX_PATH}:/home/robot/robot_ws/install/urdf_tutorial:/home/robot/turtlebot3_ws/install/turtlebot3_teleop:/home/robot/turtlebot3_ws/install/turtlebot3_example:/opt/ros/humble /usr/bin/cmake --build /home/robot/robot_ws/build/clustering_cpp -- -j4 -l4
[0.361s] [35m[1mConsolidate compiler generated dependencies of target clustering[0m
[0.405s] [ 50%] [32mBuilding CXX object CMakeFiles/clustering.dir/src/clustering.cpp.o[0m
[2.745s] In file included from [01m[K/home/robot/robot_ws/src/clustering_cpp/src/clustering.cpp:23[m[K:
[2.745s] [01m[K/opt/ros/humble/include/sensor_msgs/sensor_msgs/point_cloud_conversion.hpp:47:6:[m[K [01;35m[Kwarning: [m[K#warning POINT_CLOUD_DEPRECATION_MESSAGE [[01;35m[K]8;;https://gcc.gnu.org/onlinedocs/gcc/Warning-Options.html#index-Wcpp-Wcpp]8;;[m[K]
[2.746s]    47 | #    [01;35m[Kwarning[m[K POINT_CLOUD_DEPRECATION_MESSAGE
[2.746s]       |      [01;35m[K^~~~~~~[m[K
[7.995s] [01m[K/home/robot/robot_ws/src/clustering_cpp/src/clustering.cpp:[m[K In member function â€˜[01m[Kvoid clusteringNode::MapDownsampling()[m[Kâ€™:
[7.995s] [01m[K/home/robot/robot_ws/src/clustering_cpp/src/clustering.cpp:141:9:[m[K [01;31m[Kerror: [m[Kâ€˜[01m[Kprint[m[Kâ€™ was not declared in this scope
[7.995s]   141 |         [01;31m[Kprint[m[K("map cloud is not empty\n");
[7.995s]       |         [01;31m[K^~~~~[m[K
[7.995s] [01m[K/home/robot/robot_ws/src/clustering_cpp/src/clustering.cpp:141:9:[m[K [01;36m[Knote: [m[Ksuggested alternatives:
[7.997s] In file included from [01m[K/usr/include/pcl-1.12/pcl/point_cloud.h:53[m[K,
[7.998s]                  from [01m[K/usr/include/pcl-1.12/pcl/io/pcd_io.h:44[m[K,
[7.998s]                  from [01m[K/home/robot/robot_ws/src/clustering_cpp/src/clustering.cpp:7[m[K:
[7.998s] [01m[K/usr/include/pcl-1.12/pcl/console/print.h:269:5:[m[K [01;36m[Knote: [m[K  â€˜[01m[Kpcl::console::print[m[Kâ€™
[7.998s]   269 |     [01;36m[Kprint[m[K (VERBOSITY_LEVEL level, const char *format, ...);
[7.998s]       |     [01;36m[K^~~~~[m[K
[7.998s] In file included from [01m[K/usr/include/eigen3/Eigen/Core:172[m[K,
[7.999s]                  from [01m[K/usr/include/pcl-1.12/pcl/memory.h:48[m[K,
[7.999s]                  from [01m[K/usr/include/pcl-1.12/pcl/impl/point_types.hpp:41[m[K,
[7.999s]                  from [01m[K/usr/include/pcl-1.12/pcl/point_types.h:354[m[K,
[7.999s]                  from [01m[K/home/robot/robot_ws/src/clustering_cpp/src/clustering.cpp:6[m[K:
[7.999s] [01m[K/usr/include/eigen3/Eigen/src/Core/GenericPacketMath.h:835:8:[m[K [01;36m[Knote: [m[K  â€˜[01m[KEigen::internal::print[m[Kâ€™
[7.999s]   835 | Packet [01;36m[Kprint[m[K(const Packet& a) { using numext::rint; return rint(a); }
[7.999s]       |        [01;36m[K^~~~~[m[K
[12.046s] gmake[2]: *** [CMakeFiles/clustering.dir/build.make:76: CMakeFiles/clustering.dir/src/clustering.cpp.o] Error 1
[12.046s] gmake[1]: *** [CMakeFiles/Makefile2:137: CMakeFiles/clustering.dir/all] Error 2
[12.046s] gmake: *** [Makefile:146: all] Error 2
[12.050s] Invoked command in '/home/robot/robot_ws/build/clustering_cpp' returned '2': CMAKE_PREFIX_PATH=${CMAKE_PREFIX_PATH}:/home/robot/robot_ws/install/urdf_tutorial:/home/robot/turtlebot3_ws/install/turtlebot3_teleop:/home/robot/turtlebot3_ws/install/turtlebot3_example:/opt/ros/humble /usr/bin/cmake --build /home/robot/robot_ws/build/clustering_cpp -- -j4 -l4
