[0.346s] Invoking command in '/home/robot/robot_ws/build/safeway_robot_controll_packet_rs485': CMAKE_PREFIX_PATH=/home/robot/robot_ws/install/message_interface:/home/robot/robot_ws/install/ldlidar_stl_ros2:/home/robot/robot_ws/install/ydlidar_sdk:/home/robot/robot_ws/install/slam_toolbox:/home/robot/robot_ws/install/safeway_robot_controll_packet_rs485:/home/robot/robot_ws/install/safeway_robot_controll_packet_RS485:/home/robot/robot_ws/install/pointcloud_to_laserscan:/home/robot/robot_ws/install/onetouch_launch:/home/robot/robot_ws/install/nav2_test_utils:/home/robot/robot_ws/install/nav2_common:/home/robot/robot_ws/install/my_first_ros_rclcpp_pkg:/home/robot/robot_ws/install/clustering_cpp:/home/robot/robot_ws/install/ld08_driver:/home/robot/robot_ws/install/gl_ros2_driver:/home/robot/robot_ws/install/car_odom:/home/robot/ldlidar_ros2_ws/install/ldlidar_stl_ros2:/home/robot/ydlidar_ros2_driver/install/ydlidar_ros2_driver:/home/robot/install/safeway_robot_controll_packet_RS485:/home/robot/turtlebot3_ws/install/turtlebot3:/home/robot/turtlebot3_ws/install/turtlebot3_bringup:/home/robot/turtlebot3_ws/install/turtlebot3_node:/home/robot/turtlebot3_ws/install/turtlebot3_navigation2:/home/robot/turtlebot3_ws/install/turtlebot3_msgs:/home/robot/turtlebot3_ws/install/turtlebot3_description:/home/robot/turtlebot3_ws/install/turtlebot3_cartographer:/home/robot/turtlebot3_ws/install/ld08_driver:/home/robot/turtlebot3_ws/install/dynamixel_sdk_examples:/home/robot/turtlebot3_ws/install/dynamixel_sdk_custom_interfaces:/home/robot/turtlebot3_ws/install/dynamixel_sdk:/home/robot/ros2_ws/install/object_detection_ros2:/home/robot/ros2_ws/install/message_interface:/home/robot/ros2_ws/install/gl_ros2_driver_udp:/home/robot/ros2_ws/install/gl_ros2_driver:/home/robot/robot_ws/install/urdf_tutorial:/home/robot/turtlebot3_ws/install/turtlebot3_teleop:/home/robot/turtlebot3_ws/install/turtlebot3_example:/opt/ros/humble LD_LIBRARY_PATH=/home/robot/robot_ws/install/message_interface/lib:/home/robot/robot_ws/install/slam_toolbox/lib:/home/robot/robot_ws/install/pointcloud_to_laserscan/lib:/home/robot/turtlebot3_ws/install/turtlebot3_msgs/lib:/home/robot/turtlebot3_ws/install/dynamixel_sdk_custom_interfaces/lib:/home/robot/turtlebot3_ws/install/dynamixel_sdk/lib:/home/robot/ros2_ws/install/message_interface/lib:/usr/lib/x86_64-linux-gnu/gazebo-11/plugins:/opt/ros/humble/opt/rviz_ogre_vendor/lib:/opt/ros/humble/lib/x86_64-linux-gnu:/opt/ros/humble/lib /usr/bin/cmake --build /home/robot/robot_ws/build/safeway_robot_controll_packet_rs485 -- -j4 -l4
[0.402s] -- Found ament_cmake: 1.3.7 (/opt/ros/humble/share/ament_cmake/cmake)
[0.760s] -- Found rclcpp: 16.0.8 (/opt/ros/humble/share/rclcpp/cmake)
[0.892s] -- Found rosidl_generator_c: 3.1.5 (/opt/ros/humble/share/rosidl_generator_c/cmake)
[0.892s] -- Found rosidl_adapter: 3.1.5 (/opt/ros/humble/share/rosidl_adapter/cmake)
[0.932s] -- Found rosidl_generator_cpp: 3.1.5 (/opt/ros/humble/share/rosidl_generator_cpp/cmake)
[1.017s] -- Using all available rosidl_typesupport_c: rosidl_typesupport_fastrtps_c;rosidl_typesupport_introspection_c
[1.070s] -- Using all available rosidl_typesupport_cpp: rosidl_typesupport_fastrtps_cpp;rosidl_typesupport_introspection_cpp
[1.287s] -- Found rmw_implementation_cmake: 6.1.1 (/opt/ros/humble/share/rmw_implementation_cmake/cmake)
[1.297s] -- Found rmw_fastrtps_cpp: 6.2.6 (/opt/ros/humble/share/rmw_fastrtps_cpp/cmake)
[1.769s] -- Using RMW implementation 'rmw_fastrtps_cpp' as default
[2.203s] -- Found geometry_msgs: 4.2.3 (/opt/ros/humble/share/geometry_msgs/cmake)
[2.273s] -- Found tf2: 0.25.5 (/opt/ros/humble/share/tf2/cmake)
[2.286s] -- Found tf2_ros: 0.25.5 (/opt/ros/humble/share/tf2_ros/cmake)
[2.868s] -- Found visualization_msgs: 4.2.3 (/opt/ros/humble/share/visualization_msgs/cmake)
[3.204s] -- Found message_interface: 0.0.0 (/home/robot/robot_ws/install/message_interface/share/message_interface/cmake)
[3.256s] -- Found ament_lint_auto: 0.12.10 (/opt/ros/humble/share/ament_lint_auto/cmake)
[3.358s] -- Added test 'copyright' to check source files copyright and LICENSE
[3.359s] -- Added test 'cppcheck' to perform static code analysis on C / C++ code
[3.361s] -- Configured cppcheck include dirs: /home/robot/robot_ws/src/safeway_robot_controll_packet_rs485/include
[3.361s] -- Configured cppcheck exclude dirs and/or files: 
[3.362s] -- Added test 'cpplint' to check C / C++ code against the Google style
[3.362s] -- Configured cpplint exclude dirs and/or files: 
[3.363s] -- Added test 'lint_cmake' to check CMake code style
[3.365s] -- Added test 'uncrustify' to check C / C++ code style
[3.365s] -- Configured uncrustify additional arguments: 
[3.365s] -- Added test 'xmllint' to check XML markup files
[3.367s] -- Configuring done
[3.405s] -- Generating done
[3.409s] -- Build files have been written to: /home/robot/robot_ws/build/safeway_robot_controll_packet_rs485
[3.448s] [35m[1mConsolidate compiler generated dependencies of target packet_uwb_dwm1001_publisher[0m
[3.456s] [35m[1mConsolidate compiler generated dependencies of target packet_rs485_subscriber[0m
[3.456s] [35m[1mConsolidate compiler generated dependencies of target packet_rs485_publisher[0m
[3.475s] [  4%] [32mBuilding CXX object CMakeFiles/packet_rs485_subscriber.dir/src/rs485_comm.cpp.o[0m
[3.485s] [35m[1mConsolidate compiler generated dependencies of target packet_tf2_tracing[0m
[3.517s] [ 18%] Built target packet_uwb_dwm1001_publisher
[3.531s] [ 27%] Built target packet_tf2_tracing
[3.538s] [ 40%] Built target packet_rs485_publisher
[3.548s] [35m[1mConsolidate compiler generated dependencies of target esp32_controller[0m
[3.566s] [ 45%] [32mBuilding CXX object CMakeFiles/packet_rs485_subscriber.dir/src/rs485_send.cpp.o[0m
[3.612s] [ 50%] [32mBuilding CXX object CMakeFiles/packet_rs485_subscriber.dir/src/rs485_crc16.cpp.o[0m
[3.632s] [ 54%] [32mBuilding CXX object CMakeFiles/packet_rs485_subscriber_wagon.dir/src/packet_rs485_subscriber_wagon.cpp.o[0m
[3.632s] [ 68%] Built target esp32_controller
[3.668s] [ 72%] [32mBuilding CXX object CMakeFiles/packet_rs485_subscriber_wagon.dir/src/rs485_comm.cpp.o[0m
[3.684s] [01m[K/home/robot/robot_ws/src/safeway_robot_controll_packet_rs485/src/rs485_send.cpp:10:13:[m[K [01;35m[Kwarning: [m[Kâ€˜[01m[Ks_szCmdRBuffer[m[Kâ€™ defined but not used [[01;35m[K]8;;https://gcc.gnu.org/onlinedocs/gcc/Warning-Options.html#index-Wunused-variable-Wunused-variable]8;;[m[K]
[3.684s]    10 | static char [01;35m[Ks_szCmdRBuffer[m[K[MOTION_CMD_BUFFER_SIZE];
[3.684s]       |             [01;35m[K^~~~~~~~~~~~~~[m[K
[3.750s] [ 77%] [32mBuilding CXX object CMakeFiles/packet_rs485_subscriber_wagon.dir/src/rs485_recv.cpp.o[0m
[3.784s] [ 81%] [32m[1mLinking CXX executable packet_rs485_subscriber[0m
[3.806s] [ 86%] [32mBuilding CXX object CMakeFiles/packet_rs485_subscriber_wagon.dir/src/rs485_send.cpp.o[0m
[3.894s] [01m[K/home/robot/robot_ws/src/safeway_robot_controll_packet_rs485/src/rs485_send.cpp:10:13:[m[K [01;35m[Kwarning: [m[Kâ€˜[01m[Ks_szCmdRBuffer[m[Kâ€™ defined but not used [[01;35m[K]8;;https://gcc.gnu.org/onlinedocs/gcc/Warning-Options.html#index-Wunused-variable-Wunused-variable]8;;[m[K]
[3.894s]    10 | static char [01;35m[Ks_szCmdRBuffer[m[K[MOTION_CMD_BUFFER_SIZE];
[3.894s]       |             [01;35m[K^~~~~~~~~~~~~~[m[K
[3.914s] [01m[K/home/robot/robot_ws/src/safeway_robot_controll_packet_rs485/src/rs485_recv.cpp:36:1:[m[K [01;31m[Kerror: [m[Kâ€˜[01m[KROBOT_INFO[m[Kâ€™ does not name a type
[3.915s]    36 | [01;31m[KROBOT_INFO[m[K g_RobotInfo;
[3.915s]       | [01;31m[K^~~~~~~~~~[m[K
[3.916s] [01m[K/home/robot/robot_ws/src/safeway_robot_controll_packet_rs485/src/rs485_recv.cpp:37:1:[m[K [01;31m[Kerror: [m[Kâ€˜[01m[KROBOT_STATE[m[Kâ€™ does not name a type
[3.916s]    37 | [01;31m[KROBOT_STATE[m[K g_RobotState[ROBOT_AXES_COUNT];
[3.916s]       | [01;31m[K^~~~~~~~~~~[m[K
[3.918s] [01m[K/home/robot/robot_ws/src/safeway_robot_controll_packet_rs485/src/rs485_recv.cpp:87:1:[m[K [01;31m[Kerror: [m[Kâ€˜[01m[KMOTION_STAGE[m[Kâ€™ does not name a type
[3.918s]    87 | [01;31m[KMOTION_STAGE[m[K parse_motion_stage(const char* pMotionStage, int nLen)
[3.918s]       | [01;31m[K^~~~~~~~~~~~[m[K
[3.922s] [01m[K/home/robot/robot_ws/src/safeway_robot_controll_packet_rs485/src/rs485_recv.cpp:100:35:[m[K [01;31m[Kerror: [m[Kâ€˜[01m[KMOTION_STAGE[m[Kâ€™ was not declared in this scope
[3.922s]   100 | const char* get_motion_stage_name([01;31m[KMOTION_STAGE[m[K motionStage)
[3.922s]       |                                   [01;31m[K^~~~~~~~~~~~[m[K
[3.925s] [01m[K/home/robot/robot_ws/src/safeway_robot_controll_packet_rs485/src/rs485_recv.cpp:111:1:[m[K [01;31m[Kerror: [m[Kâ€˜[01m[KSTOP_REASON[m[Kâ€™ does not name a type
[3.926s]   111 | [01;31m[KSTOP_REASON[m[K parse_stop_reason(const char* pStopReason, int nLen)
[3.926s]       | [01;31m[K^~~~~~~~~~~[m[K
[3.927s] [ 90%] [32mBuilding CXX object CMakeFiles/packet_rs485_subscriber_wagon.dir/src/rs485_crc16.cpp.o[0m
[3.934s] [01m[K/home/robot/robot_ws/src/safeway_robot_controll_packet_rs485/src/rs485_recv.cpp:[m[K In function â€˜[01m[Kint parse_reply_command(const char*, int)[m[Kâ€™:
[3.934s] [01m[K/home/robot/robot_ws/src/safeway_robot_controll_packet_rs485/src/rs485_recv.cpp:142:65:[m[K [01;31m[Kerror: [m[Kâ€˜[01m[KCMD_MNEMONIC_DELIMITER[m[Kâ€™ was not declared in this scope
[3.934s]   142 |     const char* pMnemonicDelimiter = (const char *)memchr(pCmd, [01;31m[KCMD_MNEMONIC_DELIMITER[m[K, nCmdLen);
[3.934s]       |                                                                 [01;31m[K^~~~~~~~~~~~~~~~~~~~~~[m[K
[3.946s] [01m[K/home/robot/robot_ws/src/safeway_robot_controll_packet_rs485/src/rs485_recv.cpp:149:30:[m[K [01;31m[Kerror: [m[Kâ€˜[01m[KMCMD_strnicmp[m[Kâ€™ was not declared in this scope
[3.946s]   149 |     if (nMnemonicLen <= 0 || [01;31m[KMCMD_strnicmp[m[K(pCmd, "REPLY", nMnemonicLen) != 0)
[3.946s]       |                              [01;31m[K^~~~~~~~~~~~~[m[K
[3.949s] [01m[K/home/robot/robot_ws/src/safeway_robot_controll_packet_rs485/src/rs485_recv.cpp:34:38:[m[K [01;31m[Kerror: [m[Kâ€˜[01m[KROBOT_AXES_COUNT[m[Kâ€™ was not declared in this scope
[3.949s]    34 | #define REPLY_CMD_ARG_COUNT (3 + 4 + [01;31m[KROBOT_AXES_COUNT[m[K*6 + 3)
[3.949s]       |                                      [01;31m[K^~~~~~~~~~~~~~~~[m[K
[3.949s] [01m[K/home/robot/robot_ws/src/safeway_robot_controll_packet_rs485/src/rs485_recv.cpp:158:25:[m[K [01;36m[Knote: [m[Kin expansion of macro â€˜[01m[KREPLY_CMD_ARG_COUNT[m[Kâ€™
[3.949s]   158 |     const char* rgpArgs[[01;36m[KREPLY_CMD_ARG_COUNT[m[K] = { NULL };    // needless but 'lnt-uninitialized-local' rule
[3.949s]       |                         [01;36m[K^~~~~~~~~~~~~~~~~~~[m[K
[3.950s] [01m[K/home/robot/robot_ws/src/safeway_robot_controll_packet_rs485/src/rs485_recv.cpp:165:18:[m[K [01;35m[Kwarning: [m[KISO C++17 does not allow â€˜[01m[Kregister[m[Kâ€™ storage class specifier [[01;35m[K]8;;https://gcc.gnu.org/onlinedocs/gcc/Warning-Options.html#index-Wregister-Wregister]8;;[m[K]
[3.950s]   165 |     register int [01;35m[KiArg[m[K;
[3.950s]       |                  [01;35m[K^~~~[m[K
[3.952s] [01m[K/home/robot/robot_ws/src/safeway_robot_controll_packet_rs485/src/rs485_recv.cpp:170:55:[m[K [01;31m[Kerror: [m[Kâ€˜[01m[KrgpArgs[m[Kâ€™ was not declared in this scope
[3.952s]   170 |     for (iArg = 0; nArgRemainLen > 0 && iArg < sizeof([01;31m[KrgpArgs[m[K)/sizeof(rgpArgs[0]); iArg++)
[3.952s]       |                                                       [01;31m[K^~~~~~~[m[K
[3.954s] [01m[K/home/robot/robot_ws/src/safeway_robot_controll_packet_rs485/src/rs485_recv.cpp:173:60:[m[K [01;31m[Kerror: [m[Kâ€˜[01m[KCMD_ARG_DELIMITER[m[Kâ€™ was not declared in this scope
[3.954s]   173 |         pszArgDelimiter = (const char *)memchr(pszNextArg, [01;31m[KCMD_ARG_DELIMITER[m[K, nArgRemainLen);
[3.954s]       |                                                            [01;31m[K^~~~~~~~~~~~~~~~~[m[K
[3.956s] [01m[K/home/robot/robot_ws/src/safeway_robot_controll_packet_rs485/src/rs485_recv.cpp:179:13:[m[K [01;31m[Kerror: [m[Kâ€˜[01m[KrgnArgLens[m[Kâ€™ was not declared in this scope
[3.956s]   179 |             [01;31m[KrgnArgLens[m[K[iArg] = nArgRemainLen;
[3.956s]       |             [01;31m[K^~~~~~~~~~[m[K
[3.958s] [01m[K/home/robot/robot_ws/src/safeway_robot_controll_packet_rs485/src/rs485_recv.cpp:187:9:[m[K [01;31m[Kerror: [m[Kâ€˜[01m[KrgnArgLens[m[Kâ€™ was not declared in this scope
[3.959s]   187 |         [01;31m[KrgnArgLens[m[K[iArg] = (int)(pszArgDelimiter - pszNextArg);
[3.959s]       |         [01;31m[K^~~~~~~~~~[m[K
[3.965s] [01m[K/home/robot/robot_ws/src/safeway_robot_controll_packet_rs485/src/rs485_recv.cpp:208:22:[m[K [01;31m[Kerror: [m[Kâ€˜[01m[KREPLY_NONE[m[Kâ€™ was not declared in this scope
[3.965s]   208 |     int replyFlags = [01;31m[KREPLY_NONE[m[K;
[3.966s]       |                      [01;31m[K^~~~~~~~~~[m[K
[3.967s] [01m[K/home/robot/robot_ws/src/safeway_robot_controll_packet_rs485/src/rs485_recv.cpp:210:16:[m[K [01;31m[Kerror: [m[Kâ€˜[01m[KrgpArgs[m[Kâ€™ was not declared in this scope
[3.967s]   210 |     if (memchr([01;31m[KrgpArgs[m[K[0], 'B', rgnArgLens[0]))
[3.968s]       |                [01;31m[K^~~~~~~[m[K
[3.970s] [01m[K/home/robot/robot_ws/src/safeway_robot_controll_packet_rs485/src/rs485_recv.cpp:210:33:[m[K [01;31m[Kerror: [m[Kâ€˜[01m[KrgnArgLens[m[Kâ€™ was not declared in this scope
[3.970s]   210 |     if (memchr(rgpArgs[0], 'B', [01;31m[KrgnArgLens[m[K[0]))
[3.970s]       |                                 [01;31m[K^~~~~~~~~~[m[K
[3.972s] [01m[K/home/robot/robot_ws/src/safeway_robot_controll_packet_rs485/src/rs485_recv.cpp:212:23:[m[K [01;31m[Kerror: [m[Kâ€˜[01m[KREPLY_BASIC[m[Kâ€™ was not declared in this scope
[3.973s]   212 |         replyFlags |= [01;31m[KREPLY_BASIC[m[K;
[3.973s]       |                       [01;31m[K^~~~~~~~~~~[m[K
[3.984s] [01m[K/home/robot/robot_ws/src/safeway_robot_controll_packet_rs485/src/rs485_recv.cpp:215:16:[m[K [01;31m[Kerror: [m[Kâ€˜[01m[KrgpArgs[m[Kâ€™ was not declared in this scope
[3.984s]   215 |     if (memchr([01;31m[KrgpArgs[m[K[0], 'R', rgnArgLens[0]))
[3.985s]       |                [01;31m[K^~~~~~~[m[K
[3.987s] [01m[K/home/robot/robot_ws/src/safeway_robot_controll_packet_rs485/src/rs485_recv.cpp:215:33:[m[K [01;31m[Kerror: [m[Kâ€˜[01m[KrgnArgLens[m[Kâ€™ was not declared in this scope
[3.987s]   215 |     if (memchr(rgpArgs[0], 'R', [01;31m[KrgnArgLens[m[K[0]))
[3.987s]       |                                 [01;31m[K^~~~~~~~~~[m[K
[3.996s] [01m[K/home/robot/robot_ws/src/safeway_robot_controll_packet_rs485/src/rs485_recv.cpp:217:23:[m[K [01;31m[Kerror: [m[Kâ€˜[01m[KREPLY_STOP_REASON[m[Kâ€™ was not declared in this scope
[3.996s]   217 |         replyFlags |= [01;31m[KREPLY_STOP_REASON[m[K;
[3.997s]       |                       [01;31m[K^~~~~~~~~~~~~~~~~[m[K
[4.000s] [01m[K/home/robot/robot_ws/src/safeway_robot_controll_packet_rs485/src/rs485_recv.cpp:220:16:[m[K [01;31m[Kerror: [m[Kâ€˜[01m[KrgpArgs[m[Kâ€™ was not declared in this scope
[4.000s]   220 |     if (memchr([01;31m[KrgpArgs[m[K[0], 'T', rgnArgLens[0]))
[4.000s]       |                [01;31m[K^~~~~~~[m[K
[4.002s] [01m[K/home/robot/robot_ws/src/safeway_robot_controll_packet_rs485/src/rs485_recv.cpp:220:33:[m[K [01;31m[Kerror: [m[Kâ€˜[01m[KrgnArgLens[m[Kâ€™ was not declared in this scope
[4.002s]   220 |     if (memchr(rgpArgs[0], 'T', [01;31m[KrgnArgLens[m[K[0]))
[4.003s]       |                                 [01;31m[K^~~~~~~~~~[m[K
[4.005s] [01m[K/home/robot/robot_ws/src/safeway_robot_controll_packet_rs485/src/rs485_recv.cpp:222:23:[m[K [01;31m[Kerror: [m[Kâ€˜[01m[KREPLY_TORQUE[m[Kâ€™ was not declared in this scope
[4.005s]   222 |         replyFlags |= [01;31m[KREPLY_TORQUE[m[K;
[4.005s]       |                       [01;31m[K^~~~~~~~~~~~[m[K
[4.015s] [01m[K/home/robot/robot_ws/src/safeway_robot_controll_packet_rs485/src/rs485_recv.cpp:225:16:[m[K [01;31m[Kerror: [m[Kâ€˜[01m[KrgpArgs[m[Kâ€™ was not declared in this scope
[4.016s]   225 |     if (memchr([01;31m[KrgpArgs[m[K[0], 'U', rgnArgLens[0]))
[4.016s]       |                [01;31m[K^~~~~~~[m[K
[4.018s] [01m[K/home/robot/robot_ws/src/safeway_robot_controll_packet_rs485/src/rs485_recv.cpp:225:33:[m[K [01;31m[Kerror: [m[Kâ€˜[01m[KrgnArgLens[m[Kâ€™ was not declared in this scope
[4.018s]   225 |     if (memchr(rgpArgs[0], 'U', [01;31m[KrgnArgLens[m[K[0]))
[4.018s]       |                                 [01;31m[K^~~~~~~~~~[m[K
[4.020s] [01m[K/home/robot/robot_ws/src/safeway_robot_controll_packet_rs485/src/rs485_recv.cpp:227:23:[m[K [01;31m[Kerror: [m[Kâ€˜[01m[KREPLY_UMODE[m[Kâ€™ was not declared in this scope
[4.021s]   227 |         replyFlags |= [01;31m[KREPLY_UMODE[m[K;
[4.021s]       |                       [01;31m[K^~~~~~~~~~~[m[K
[4.023s] [01m[K/home/robot/robot_ws/src/safeway_robot_controll_packet_rs485/src/rs485_recv.cpp:231:23:[m[K [01;31m[Kerror: [m[Kâ€˜[01m[KREPLY_BASIC[m[Kâ€™ was not declared in this scope
[4.023s]   231 |     if ((replyFlags & [01;31m[KREPLY_BASIC[m[K) == 0)
[4.023s]       |                       [01;31m[K^~~~~~~~~~~[m[K
[4.027s] [01m[K/home/robot/robot_ws/src/safeway_robot_controll_packet_rs485/src/rs485_recv.cpp:240:22:[m[K [01;31m[Kerror: [m[Kâ€˜[01m[KREPLY_STOP_REASON[m[Kâ€™ was not declared in this scope
[4.027s]   240 |     if (replyFlags & [01;31m[KREPLY_STOP_REASON[m[K)
[4.027s]       |                      [01;31m[K^~~~~~~~~~~~~~~~~[m[K
[4.037s] [01m[K/home/robot/robot_ws/src/safeway_robot_controll_packet_rs485/src/rs485_recv.cpp:246:22:[m[K [01;31m[Kerror: [m[Kâ€˜[01m[KREPLY_TORQUE[m[Kâ€™ was not declared in this scope
[4.037s]   246 |     if (replyFlags & [01;31m[KREPLY_TORQUE[m[K)
[4.037s]       |                      [01;31m[K^~~~~~~~~~~~[m[K
[4.040s] [01m[K/home/robot/robot_ws/src/safeway_robot_controll_packet_rs485/src/rs485_recv.cpp:255:34:[m[K [01;31m[Kerror: [m[Kâ€˜[01m[KrgpArgs[m[Kâ€™ was not declared in this scope
[4.040s]   255 |     int nCmdResult = (int)strtol([01;31m[KrgpArgs[m[K[1], &pEndStr, 0);
[4.043s]       |                                  [01;31m[K^~~~~~~[m[K
[4.056s] [01m[K/home/robot/robot_ws/src/safeway_robot_controll_packet_rs485/src/rs485_recv.cpp:270:9:[m[K [01;31m[Kerror: [m[Kâ€˜[01m[Kg_RobotInfo[m[Kâ€™ was not declared in this scope
[4.056s]   270 |         [01;31m[Kg_RobotInfo[m[K.nPolePair = (int)strtol(rgpArgs[3], &pEndStr, 0);
[4.056s]       |         [01;31m[K^~~~~~~~~~~[m[K
[4.058s] [01m[K/home/robot/robot_ws/src/safeway_robot_controll_packet_rs485/src/rs485_recv.cpp:286:17:[m[K [01;31m[Kerror: [m[Kâ€˜[01m[Kg_RobotState[m[Kâ€™ was not declared in this scope
[4.059s]   286 |                 [01;31m[Kg_RobotState[m[K[iAxis].nPosition = strtoll(rgpArgs[nArgPos + 0], &pEndStr, 0);
[4.059s]       |                 [01;31m[K^~~~~~~~~~~~[m[K
[4.068s] [01m[K/home/robot/robot_ws/src/safeway_robot_controll_packet_rs485/src/rs485_recv.cpp:292:17:[m[K [01;31m[Kerror: [m[Kâ€˜[01m[Kg_RobotState[m[Kâ€™ was not declared in this scope
[4.068s]   292 |                 [01;31m[Kg_RobotState[m[K[iAxis].nDistance = strtoull(rgpArgs[nArgPos + 1], &pEndStr, 0);
[4.069s]       |                 [01;31m[K^~~~~~~~~~~~[m[K
[4.070s] [01m[K/home/robot/robot_ws/src/safeway_robot_controll_packet_rs485/src/rs485_recv.cpp:298:17:[m[K [01;31m[Kerror: [m[Kâ€˜[01m[Kg_RobotState[m[Kâ€™ was not declared in this scope
[4.070s]   298 |                 [01;31m[Kg_RobotState[m[K[iAxis].dbSpeed = strtod(rgpArgs[nArgPos + 2], &pEndStr);
[4.070s]       |                 [01;31m[K^~~~~~~~~~~~[m[K
[4.072s] [01m[K/home/robot/robot_ws/src/safeway_robot_controll_packet_rs485/src/rs485_recv.cpp:305:17:[m[K [01;31m[Kerror: [m[Kâ€˜[01m[Kg_RobotState[m[Kâ€™ was not declared in this scope
[4.072s]   305 |                 [01;31m[Kg_RobotState[m[K[iAxis].motionStage = parse_motion_stage(rgpArgs[nArgPos + 3], rgnArgLens[nArgPos + 3]);
[4.072s]       |                 [01;31m[K^~~~~~~~~~~~[m[K
[4.074s] [01m[K/home/robot/robot_ws/src/safeway_robot_controll_packet_rs485/src/rs485_recv.cpp:305:92:[m[K [01;31m[Kerror: [m[Kâ€˜[01m[KrgnArgLens[m[Kâ€™ was not declared in this scope
[4.074s]   305 |                 g_RobotState[iAxis].motionStage = parse_motion_stage(rgpArgs[nArgPos + 3], [01;31m[KrgnArgLens[m[K[nArgPos + 3]);
[4.074s]       |                                                                                            [01;31m[K^~~~~~~~~~[m[K
[4.076s] [01m[K/home/robot/robot_ws/src/safeway_robot_controll_packet_rs485/src/rs485_recv.cpp:305:51:[m[K [01;31m[Kerror: [m[Kâ€˜[01m[Kparse_motion_stage[m[Kâ€™ was not declared in this scope
[4.076s]   305 |                 g_RobotState[iAxis].motionStage = [01;31m[Kparse_motion_stage[m[K(rgpArgs[nArgPos + 3], rgnArgLens[nArgPos + 3]);
[4.076s]       |                                                   [01;31m[K^~~~~~~~~~~~~~~~~~[m[K
[4.082s] [01m[K/home/robot/robot_ws/src/safeway_robot_controll_packet_rs485/src/rs485_recv.cpp:309:17:[m[K [01;31m[Kerror: [m[Kâ€˜[01m[KMOTION_STAGE[m[Kâ€™ was not declared in this scope
[4.082s]   309 |                 [01;31m[KMOTION_STAGE[m[K stageOld = g_RobotState[iAxis].motionStage;
[4.082s]       |                 [01;31m[K^~~~~~~~~~~~[m[K
[4.083s] [01m[K/home/robot/robot_ws/src/safeway_robot_controll_packet_rs485/src/rs485_recv.cpp:312:21:[m[K [01;31m[Kerror: [m[Kâ€˜[01m[KstageOld[m[Kâ€™ was not declared in this scope
[4.083s]   312 |                 if ([01;31m[KstageOld[m[K == MOTION_STAGE_UNKNOWN && g_RobotState[iAxis].motionStage != MOTION_STAGE_UNKNOWN)
[4.084s]       |                     [01;31m[K^~~~~~~~[m[K
[4.098s] [01m[K/home/robot/robot_ws/src/safeway_robot_controll_packet_rs485/src/rs485_recv.cpp:312:33:[m[K [01;31m[Kerror: [m[Kâ€˜[01m[KMOTION_STAGE_UNKNOWN[m[Kâ€™ was not declared in this scope
[4.098s]   312 |                 if (stageOld == [01;31m[KMOTION_STAGE_UNKNOWN[m[K && g_RobotState[iAxis].motionStage != MOTION_STAGE_UNKNOWN)
[4.098s]       |                                 [01;31m[K^~~~~~~~~~~~~~~~~~~~[m[K
[4.100s] [01m[K/home/robot/robot_ws/src/safeway_robot_controll_packet_rs485/src/rs485_recv.cpp:316:81:[m[K [01;31m[Kerror: [m[Kâ€˜[01m[Kget_motion_stage_name[m[Kâ€™ cannot be used as a function
[4.100s]   316 |                            get_motion_stage_name(g_RobotState[iAxis].motionStage[01;31m[K)[m[K);
[4.100s]       |                                                                                 [01;31m[K^[m[K
[4.100s] [01m[K/home/robot/robot_ws/src/safeway_robot_controll_packet_rs485/src/rs485_recv.cpp:322:49:[m[K [01;31m[Kerror: [m[Kâ€˜[01m[Kget_motion_stage_name[m[Kâ€™ cannot be used as a function
[4.100s]   322 |                            [01;31m[Kget_motion_stage_name(stageOld)[m[K,
[4.100s]       |                            [01;31m[K~~~~~~~~~~~~~~~~~~~~~^~~~~~~~~~[m[K
[4.100s] [01m[K/home/robot/robot_ws/src/safeway_robot_controll_packet_rs485/src/rs485_recv.cpp:323:81:[m[K [01;31m[Kerror: [m[Kâ€˜[01m[Kget_motion_stage_name[m[Kâ€™ cannot be used as a function
[4.101s]   323 |                            get_motion_stage_name(g_RobotState[iAxis].motionStage[01;31m[K)[m[K);
[4.101s]       |                                                                                 [01;31m[K^[m[K
[4.101s] [01m[K/home/robot/robot_ws/src/safeway_robot_controll_packet_rs485/src/rs485_recv.cpp:332:31:[m[K [01;31m[Kerror: [m[Kâ€˜[01m[KREPLY_STOP_REASON[m[Kâ€™ was not declared in this scope
[4.101s]   332 |             if ((replyFlags & [01;31m[KREPLY_STOP_REASON[m[K) && (nArgCount > nArgPos + nAxisArgPos))
[4.101s]       |                               [01;31m[K^~~~~~~~~~~~~~~~~[m[K
[4.102s] [01m[K/home/robot/robot_ws/src/safeway_robot_controll_packet_rs485/src/rs485_recv.cpp:334:17:[m[K [01;31m[Kerror: [m[Kâ€˜[01m[Kg_RobotState[m[Kâ€™ was not declared in this scope
[4.102s]   334 |                 [01;31m[Kg_RobotState[m[K[iAxis].stopReason = parse_stop_reason(rgpArgs[nArgPos + nAxisArgPos], rgnArgLens[nArgPos + nAxisArgPos]);
[4.102s]       |                 [01;31m[K^~~~~~~~~~~~[m[K
[4.104s] [01m[K/home/robot/robot_ws/src/safeway_robot_controll_packet_rs485/src/rs485_recv.cpp:334:100:[m[K [01;31m[Kerror: [m[Kâ€˜[01m[KrgnArgLens[m[Kâ€™ was not declared in this scope
[4.104s]   334 |                 g_RobotState[iAxis].stopReason = parse_stop_reason(rgpArgs[nArgPos + nAxisArgPos], [01;31m[KrgnArgLens[m[K[nArgPos + nAxisArgPos]);
[4.104s]       |                                                                                                    [01;31m[K^~~~~~~~~~[m[K
[4.106s] [01m[K/home/robot/robot_ws/src/safeway_robot_controll_packet_rs485/src/rs485_recv.cpp:334:50:[m[K [01;31m[Kerror: [m[Kâ€˜[01m[Kparse_stop_reason[m[Kâ€™ was not declared in this scope
[4.106s]   334 |                 g_RobotState[iAxis].stopReason = [01;31m[Kparse_stop_reason[m[K(rgpArgs[nArgPos + nAxisArgPos], rgnArgLens[nArgPos + nAxisArgPos]);
[4.106s]       |                                                  [01;31m[K^~~~~~~~~~~~~~~~~[m[K
[4.108s] [01m[K/home/robot/robot_ws/src/safeway_robot_controll_packet_rs485/src/rs485_recv.cpp:339:31:[m[K [01;31m[Kerror: [m[Kâ€˜[01m[KREPLY_TORQUE[m[Kâ€™ was not declared in this scope
[4.108s]   339 |             if ((replyFlags & [01;31m[KREPLY_TORQUE[m[K) && (nArgCount > nArgPos + nAxisArgPos))
[4.108s]       |                               [01;31m[K^~~~~~~~~~~~[m[K
[4.122s] [01m[K/home/robot/robot_ws/src/safeway_robot_controll_packet_rs485/src/rs485_recv.cpp:341:17:[m[K [01;31m[Kerror: [m[Kâ€˜[01m[Kg_RobotState[m[Kâ€™ was not declared in this scope
[4.122s]   341 |                 [01;31m[Kg_RobotState[m[K[iAxis].dbTorque = strtod(rgpArgs[nArgPos + nAxisArgPos], 0);
[4.122s]       |                 [01;31m[K^~~~~~~~~~~~[m[K
[4.124s] [01m[K/home/robot/robot_ws/src/safeway_robot_controll_packet_rs485/src/rs485_recv.cpp:353:27:[m[K [01;31m[Kerror: [m[Kâ€˜[01m[KREPLY_UMODE[m[Kâ€™ was not declared in this scope
[4.124s]   353 |         if ((replyFlags & [01;31m[KREPLY_UMODE[m[K) && (nArgCount > nArgPos))
[4.124s]       |                           [01;31m[K^~~~~~~~~~~[m[K
[4.125s] [01m[K/home/robot/robot_ws/src/safeway_robot_controll_packet_rs485/src/rs485_recv.cpp:359:27:[m[K [01;31m[Kerror: [m[Kâ€˜[01m[KREPLY_UMODE[m[Kâ€™ was not declared in this scope
[4.126s]   359 |         if ((replyFlags & [01;31m[KREPLY_UMODE[m[K) && (nArgCount > nArgPos))
[4.126s]       |                           [01;31m[K^~~~~~~~~~~[m[K
[4.127s] [01m[K/home/robot/robot_ws/src/safeway_robot_controll_packet_rs485/src/rs485_recv.cpp:365:27:[m[K [01;31m[Kerror: [m[Kâ€˜[01m[KREPLY_UMODE[m[Kâ€™ was not declared in this scope
[4.127s]   365 |         if ((replyFlags & [01;31m[KREPLY_UMODE[m[K) && (nArgCount > nArgPos))
[4.127s]       |                           [01;31m[K^~~~~~~~~~~[m[K
[4.128s] [01m[K/home/robot/robot_ws/src/safeway_robot_controll_packet_rs485/src/rs485_recv.cpp:264:15:[m[K [01;35m[Kwarning: [m[Kunused variable â€˜[01m[KnAxesCount[m[Kâ€™ [[01;35m[K]8;;https://gcc.gnu.org/onlinedocs/gcc/Warning-Options.html#index-Wunused-variable-Wunused-variable]8;;[m[K]
[4.128s]   264 |     const int [01;35m[KnAxesCount[m[K = (int)strtol(rgpArgs[2], &pEndStr, 0);
[4.128s]       |               [01;35m[K^~~~~~~~~~[m[K
[4.129s] [01m[K/home/robot/robot_ws/src/safeway_robot_controll_packet_rs485/src/rs485_recv.cpp:[m[K In function â€˜[01m[Kint parse_recv_packet(const void*, int)[m[Kâ€™:
[4.129s] [01m[K/home/robot/robot_ws/src/safeway_robot_controll_packet_rs485/src/rs485_recv.cpp:575:56:[m[K [01;35m[Kwarning: [m[Ksuggest parentheses around â€˜[01m[K+[m[Kâ€™ in operand of â€˜[01m[K&[m[Kâ€™ [[01;35m[K]8;;https://gcc.gnu.org/onlinedocs/gcc/Warning-Options.html#index-Wparentheses-Wparentheses]8;;[m[K]
[4.129s]   575 |     unsigned nCrc16Recv = [01;35m[K((unsigned)p[nRecvSize - 3]) + (((unsigned)p[nRecvSize - 2]) << 8)[m[K & 0xffff;
[4.129s]       |                           [01;35m[K~~~~~~~~~~~~~~~~~~~~~~~~~~~~~^~~~~~~~~~~~~~~~~~~~~~~~~~~~~~~~~~~~~[m[K
[4.130s] [01m[K/home/robot/robot_ws/src/safeway_robot_controll_packet_rs485/src/rs485_recv.cpp:[m[K At global scope:
[4.130s] [01m[K/home/robot/robot_ws/src/safeway_robot_controll_packet_rs485/src/rs485_recv.cpp:71:20:[m[K [01;35m[Kwarning: [m[Kâ€˜[01m[Ks_rgpszMotionStopReasonNames[m[Kâ€™ defined but not used [[01;35m[K]8;;https://gcc.gnu.org/onlinedocs/gcc/Warning-Options.html#index-Wunused-variable-Wunused-variable]8;;[m[K]
[4.130s]    71 | static const char* [01;35m[Ks_rgpszMotionStopReasonNames[m[K[] =
[4.130s]       |                    [01;35m[K^~~~~~~~~~~~~~~~~~~~~~~~~~~~[m[K
[4.130s] [01m[K/home/robot/robot_ws/src/safeway_robot_controll_packet_rs485/src/rs485_recv.cpp:44:20:[m[K [01;35m[Kwarning: [m[Kâ€˜[01m[Ks_rgpszMotionStageNames[m[Kâ€™ defined but not used [[01;35m[K]8;;https://gcc.gnu.org/onlinedocs/gcc/Warning-Options.html#index-Wunused-variable-Wunused-variable]8;;[m[K]
[4.131s]    44 | static const char* [01;35m[Ks_rgpszMotionStageNames[m[K[] =
[4.131s]       |                    [01;35m[K^~~~~~~~~~~~~~~~~~~~~~~[m[K
[4.144s] gmake[2]: *** [CMakeFiles/packet_rs485_subscriber_wagon.dir/build.make:104: CMakeFiles/packet_rs485_subscriber_wagon.dir/src/rs485_recv.cpp.o] Error 1
[4.144s] gmake[2]: *** Waiting for unfinished jobs....
[5.066s] [ 95%] Built target packet_rs485_subscriber
[7.162s] [01m[K/home/robot/robot_ws/src/safeway_robot_controll_packet_rs485/src/packet_rs485_subscriber_wagon.cpp:45:27:[m[K [01;35m[Kwarning: [m[KISO C++ forbids converting a string constant to â€˜[01m[Kchar*[m[Kâ€™ [[01;35m[K]8;;https://gcc.gnu.org/onlinedocs/gcc/Warning-Options.html#index-Wwrite-strings-Wwrite-strings]8;;[m[K]
[7.162s]    45 | static char *pszDevName = [01;35m[K"/dev/ttySerial"[m[K;
[7.163s]       |                           [01;35m[K^~~~~~~~~~~~~~~~[m[K
[7.283s] [01m[K/home/robot/robot_ws/src/safeway_robot_controll_packet_rs485/src/packet_rs485_subscriber_wagon.cpp:[m[K In member function â€˜[01m[Kvoid PacketRS485SubscriberWagon::mode_msg()[m[Kâ€™:
[7.283s] [01m[K/home/robot/robot_ws/src/safeway_robot_controll_packet_rs485/src/packet_rs485_subscriber_wagon.cpp:140:18:[m[K [01;31m[Kerror: [m[Kâ€˜[01m[Krecv_comm_dev[m[Kâ€™ was not declared in this scope; did you mean â€˜[01m[Ksend_comm_dev[m[Kâ€™?
[7.283s]   140 |     nBytesRead = [01;31m[Krecv_comm_dev[m[K(hComm, s_szCmdRBuffer + nBytesCached, sizeof(s_szCmdRBuffer));
[7.283s]       |                  [01;31m[K^~~~~~~~~~~~~[m[K
[7.284s]       |                  [32m[Ksend_comm_dev[m[K
[7.297s] [01m[K/home/robot/robot_ws/src/safeway_robot_controll_packet_rs485/src/packet_rs485_subscriber_wagon.cpp:151:21:[m[K [01;31m[Kerror: [m[Kâ€˜[01m[Kparse_recv_packet[m[Kâ€™ was not declared in this scope
[7.297s]   151 |       int nResult = [01;31m[Kparse_recv_packet[m[K(s_szCmdRBuffer, nBytesRead + nBytesCached);
[7.297s]       |                     [01;31m[K^~~~~~~~~~~~~~~~~[m[K
[7.310s] [01m[K/home/robot/robot_ws/src/safeway_robot_controll_packet_rs485/src/packet_rs485_subscriber_wagon.cpp:169:13:[m[K [01;31m[Kerror: [m[Kâ€˜[01m[Kdump_recv_packet[m[Kâ€™ was not declared in this scope
[7.310s]   169 |             [01;31m[Kdump_recv_packet[m[K(s_szCmdRBuffer, nBytesRead);
[7.311s]       |             [01;31m[K^~~~~~~~~~~~~~~~[m[K
[7.320s] [01m[K/home/robot/robot_ws/src/safeway_robot_controll_packet_rs485/src/packet_rs485_subscriber_wagon.cpp:182:5:[m[K [01;31m[Kerror: [m[Kâ€˜[01m[Kg_RobotInfo[m[Kâ€™ was not declared in this scope
[7.320s]   182 |     [01;31m[Kg_RobotInfo[m[K.nUserModeValue1, g_RobotInfo.nUserModeValue2, g_RobotInfo.nUserModeValue3);
[7.320s]       |     [01;31m[K^~~~~~~~~~~[m[K
[10.062s] gmake[2]: *** [CMakeFiles/packet_rs485_subscriber_wagon.dir/build.make:76: CMakeFiles/packet_rs485_subscriber_wagon.dir/src/packet_rs485_subscriber_wagon.cpp.o] Error 1
[10.062s] gmake[1]: *** [CMakeFiles/Makefile2:277: CMakeFiles/packet_rs485_subscriber_wagon.dir/all] Error 2
[10.062s] gmake: *** [Makefile:146: all] Error 2
[10.064s] Invoked command in '/home/robot/robot_ws/build/safeway_robot_controll_packet_rs485' returned '2': CMAKE_PREFIX_PATH=/home/robot/robot_ws/install/message_interface:/home/robot/robot_ws/install/ldlidar_stl_ros2:/home/robot/robot_ws/install/ydlidar_sdk:/home/robot/robot_ws/install/slam_toolbox:/home/robot/robot_ws/install/safeway_robot_controll_packet_rs485:/home/robot/robot_ws/install/safeway_robot_controll_packet_RS485:/home/robot/robot_ws/install/pointcloud_to_laserscan:/home/robot/robot_ws/install/onetouch_launch:/home/robot/robot_ws/install/nav2_test_utils:/home/robot/robot_ws/install/nav2_common:/home/robot/robot_ws/install/my_first_ros_rclcpp_pkg:/home/robot/robot_ws/install/clustering_cpp:/home/robot/robot_ws/install/ld08_driver:/home/robot/robot_ws/install/gl_ros2_driver:/home/robot/robot_ws/install/car_odom:/home/robot/ldlidar_ros2_ws/install/ldlidar_stl_ros2:/home/robot/ydlidar_ros2_driver/install/ydlidar_ros2_driver:/home/robot/install/safeway_robot_controll_packet_RS485:/home/robot/turtlebot3_ws/install/turtlebot3:/home/robot/turtlebot3_ws/install/turtlebot3_bringup:/home/robot/turtlebot3_ws/install/turtlebot3_node:/home/robot/turtlebot3_ws/install/turtlebot3_navigation2:/home/robot/turtlebot3_ws/install/turtlebot3_msgs:/home/robot/turtlebot3_ws/install/turtlebot3_description:/home/robot/turtlebot3_ws/install/turtlebot3_cartographer:/home/robot/turtlebot3_ws/install/ld08_driver:/home/robot/turtlebot3_ws/install/dynamixel_sdk_examples:/home/robot/turtlebot3_ws/install/dynamixel_sdk_custom_interfaces:/home/robot/turtlebot3_ws/install/dynamixel_sdk:/home/robot/ros2_ws/install/object_detection_ros2:/home/robot/ros2_ws/install/message_interface:/home/robot/ros2_ws/install/gl_ros2_driver_udp:/home/robot/ros2_ws/install/gl_ros2_driver:/home/robot/robot_ws/install/urdf_tutorial:/home/robot/turtlebot3_ws/install/turtlebot3_teleop:/home/robot/turtlebot3_ws/install/turtlebot3_example:/opt/ros/humble LD_LIBRARY_PATH=/home/robot/robot_ws/install/message_interface/lib:/home/robot/robot_ws/install/slam_toolbox/lib:/home/robot/robot_ws/install/pointcloud_to_laserscan/lib:/home/robot/turtlebot3_ws/install/turtlebot3_msgs/lib:/home/robot/turtlebot3_ws/install/dynamixel_sdk_custom_interfaces/lib:/home/robot/turtlebot3_ws/install/dynamixel_sdk/lib:/home/robot/ros2_ws/install/message_interface/lib:/usr/lib/x86_64-linux-gnu/gazebo-11/plugins:/opt/ros/humble/opt/rviz_ogre_vendor/lib:/opt/ros/humble/lib/x86_64-linux-gnu:/opt/ros/humble/lib /usr/bin/cmake --build /home/robot/robot_ws/build/safeway_robot_controll_packet_rs485 -- -j4 -l4
