[0.775s] Invoking command in '/home/robot/robot_ws/build/pointcloud_to_laserscan': CMAKE_PREFIX_PATH=${CMAKE_PREFIX_PATH}:/home/robot/robot_ws/install/urdf_tutorial:/home/robot/turtlebot3_ws/install/turtlebot3_teleop:/home/robot/turtlebot3_ws/install/turtlebot3_example:/opt/ros/humble /usr/bin/cmake --build /home/robot/robot_ws/build/pointcloud_to_laserscan -- -j4 -l4
[1.061s] [ 10%] [32mBuilding CXX object CMakeFiles/laserscan_to_pointcloud.dir/src/laserscan_to_pointcloud_node.cpp.o[0m
[26.860s] [ 20%] [32m[1mLinking CXX shared library liblaserscan_to_pointcloud.so[0m
[29.002s] [ 20%] Built target laserscan_to_pointcloud
[29.132s] [ 30%] [32mBuilding CXX object CMakeFiles/pointcloud_to_laserscan_node.dir/rclcpp_components/node_main_pointcloud_to_laserscan_node.cpp.o[0m
[34.913s] gmake[2]: *** wait: No child processes.  Stop.
[34.914s] gmake[2]: *** Waiting for unfinished jobs....
[34.914s] gmake[2]: *** wait: No child processes.  Stop.
[34.914s] gmake[1]: *** [CMakeFiles/Makefile2:223: CMakeFiles/pointcloud_to_laserscan_node.dir/all] Error 2
[34.915s] gmake: *** [Makefile:146: all] Interrupt
[34.982s] Invoked command in '/home/robot/robot_ws/build/pointcloud_to_laserscan' returned '-2': CMAKE_PREFIX_PATH=${CMAKE_PREFIX_PATH}:/home/robot/robot_ws/install/urdf_tutorial:/home/robot/turtlebot3_ws/install/turtlebot3_teleop:/home/robot/turtlebot3_ws/install/turtlebot3_example:/opt/ros/humble /usr/bin/cmake --build /home/robot/robot_ws/build/pointcloud_to_laserscan -- -j4 -l4
