[0.494s] Invoking command in '/home/robot/robot_ws/build/slam_toolbox': CMAKE_PREFIX_PATH=${CMAKE_PREFIX_PATH}:/home/robot/robot_ws/install/urdf_tutorial:/home/robot/turtlebot3_ws/install/turtlebot3_teleop:/home/robot/turtlebot3_ws/install/turtlebot3_example:/opt/ros/humble /usr/bin/cmake --build /home/robot/robot_ws/build/slam_toolbox -- -j4 -l4
[0.708s] [  1%] Built target slam_toolbox__cpp
[0.709s] [ 10%] Built target slam_toolbox__rosidl_generator_c
[0.756s] [ 10%] Built target ament_cmake_python_copy_slam_toolbox
[0.775s] [ 12%] Built target kartoSlamToolbox
[0.853s] [ 20%] Built target slam_toolbox__rosidl_typesupport_cpp
[0.867s] [ 29%] Built target slam_toolbox__rosidl_typesupport_fastrtps_cpp
[0.898s] [ 37%] Built target slam_toolbox__rosidl_typesupport_introspection_c
[0.908s] [ 45%] Built target slam_toolbox__rosidl_typesupport_c
[0.933s] [ 53%] Built target slam_toolbox__rosidl_typesupport_introspection_cpp
[1.080s] [ 55%] Built target ceres_solver_plugin
[1.098s] [ 57%] Built target SlamToolboxPlugin
[1.149s] [ 62%] Built target toolbox_common
[1.221s] [ 71%] Built target slam_toolbox__rosidl_typesupport_fastrtps_c
[1.380s] [ 72%] Built target localization_slam_toolbox
[1.380s] [ 74%] Built target sync_slam_toolbox
[1.443s] [ 76%] Built target async_slam_toolbox
[1.596s] [ 78%] Built target merge_maps_kinematic
[1.618s] [ 79%] Built target map_and_localization_slam_toolbox
[1.678s] [ 80%] Built target lifelong_slam_toolbox
[1.712s] [ 80%] Built target slam_toolbox
[1.891s] [ 81%] Built target async_slam_toolbox_node
[1.929s] [ 83%] Built target localization_slam_toolbox_node
[1.940s] [ 84%] Built target sync_slam_toolbox_node
[1.971s] running egg_info
[1.977s] writing slam_toolbox.egg-info/PKG-INFO
[1.980s] writing dependency_links to slam_toolbox.egg-info/dependency_links.txt
[1.981s] writing top-level names to slam_toolbox.egg-info/top_level.txt
[1.999s] reading manifest file 'slam_toolbox.egg-info/SOURCES.txt'
[2.009s] writing manifest file 'slam_toolbox.egg-info/SOURCES.txt'
[2.097s] [ 84%] Built target slam_toolbox__py
[2.117s] [ 85%] Built target map_and_localization_slam_toolbox_node
[2.139s] [ 87%] Built target lifelong_slam_toolbox_node
[2.161s] [ 87%] Built target ament_cmake_python_build_slam_toolbox_egg
[2.198s] [ 95%] Built target slam_toolbox__rosidl_generator_py
[2.320s] [ 97%] Built target slam_toolbox__rosidl_typesupport_introspection_c__pyext
[2.337s] [ 99%] Built target slam_toolbox__rosidl_typesupport_c__pyext
[2.358s] [100%] Built target slam_toolbox__rosidl_typesupport_fastrtps_c__pyext
[2.500s] Invoked command in '/home/robot/robot_ws/build/slam_toolbox' returned '0': CMAKE_PREFIX_PATH=${CMAKE_PREFIX_PATH}:/home/robot/robot_ws/install/urdf_tutorial:/home/robot/turtlebot3_ws/install/turtlebot3_teleop:/home/robot/turtlebot3_ws/install/turtlebot3_example:/opt/ros/humble /usr/bin/cmake --build /home/robot/robot_ws/build/slam_toolbox -- -j4 -l4
[2.932s] Traceback (most recent call last):
  File "/usr/lib/python3/dist-packages/colcon_parallel_executor/executor/parallel.py", line 75, in execute
    loop.run_until_complete(future)
  File "/usr/lib/python3.10/asyncio/base_events.py", line 636, in run_until_complete
    self.run_forever()
  File "/usr/lib/python3.10/asyncio/base_events.py", line 603, in run_forever
    self._run_once()
  File "/usr/lib/python3.10/asyncio/base_events.py", line 1871, in _run_once
    event_list = self._selector.select(timeout)
  File "/usr/lib/python3.10/selectors.py", line 469, in select
    fd_event_list = self._selector.poll(timeout, max_ev)
KeyboardInterrupt

During handling of the above exception, another exception occurred:

Traceback (most recent call last):
  File "/usr/lib/python3/dist-packages/colcon_core/executor/__init__.py", line 91, in __call__
    rc = await self.task(*args, **kwargs)
  File "/usr/lib/python3/dist-packages/colcon_core/task/__init__.py", line 93, in __call__
    return await task_method(*args, **kwargs)
  File "/usr/lib/python3/dist-packages/colcon_ros/task/ament_cmake/build.py", line 59, in build
    rc = await extension.build(
  File "/usr/lib/python3/dist-packages/colcon_cmake/task/cmake/build.py", line 110, in build
    if await has_target(args.build_base, 'install'):
  File "/usr/lib/python3/dist-packages/colcon_cmake/task/cmake/__init__.py", line 57, in has_target
    return target in await get_makefile_targets(path)
  File "/usr/lib/python3/dist-packages/colcon_cmake/task/cmake/__init__.py", line 77, in get_makefile_targets
    output = await check_output([
  File "/usr/lib/python3/dist-packages/colcon_core/subprocess.py", line 129, in check_output
    assert not rc, f'Expected {args} to pass: {stderr_data}'
AssertionError: Expected ['/usr/bin/cmake', '--build', '/home/robot/robot_ws/build/slam_toolbox', '--target', 'help'] to pass: gmake: *** [Makefile:3175: help] Interrupt

