[0.453s] Invoking command in '/home/robot/robot_ws/build/nav2_test_utils': /usr/bin/cmake --build /home/robot/robot_ws/build/nav2_test_utils -- -j4 -l4
[1.042s] -- Found ament_cmake: 1.3.7 (/opt/ros/humble/share/ament_cmake/cmake)
[1.042s] -- Found rclcpp: 16.0.8 (/opt/ros/humble/share/rclcpp/cmake)
[1.042s] -- Found rosidl_generator_c: 3.1.5 (/opt/ros/humble/share/rosidl_generator_c/cmake)
[1.043s] -- Found rosidl_adapter: 3.1.5 (/opt/ros/humble/share/rosidl_adapter/cmake)
[1.043s] -- Found rosidl_generator_cpp: 3.1.5 (/opt/ros/humble/share/rosidl_generator_cpp/cmake)
[1.043s] -- Using all available rosidl_typesupport_c: rosidl_typesupport_fastrtps_c;rosidl_typesupport_introspection_c
[1.043s] -- Using all available rosidl_typesupport_cpp: rosidl_typesupport_fastrtps_cpp;rosidl_typesupport_introspection_cpp
[1.043s] -- Found rmw_implementation_cmake: 6.1.1 (/opt/ros/humble/share/rmw_implementation_cmake/cmake)
[1.043s] -- Found rmw_fastrtps_cpp: 6.2.6 (/opt/ros/humble/share/rmw_fastrtps_cpp/cmake)
[1.152s] -- Using RMW implementation 'rmw_fastrtps_cpp' as default
[1.484s] -- Found rclcpp_action: 16.0.8 (/opt/ros/humble/share/rclcpp_action/cmake)
[1.649s] -- Found nav2_msgs: 1.1.12 (/opt/ros/humble/share/nav2_msgs/cmake)
[2.197s] -- Found ament_lint_auto: 0.12.10 (/opt/ros/humble/share/ament_lint_auto/cmake)
[2.255s] Error parsing '/home/robot/robot_ws/src/nav2_test_utils-master/package.xml':
[2.299s] Traceback (most recent call last):
[2.299s]   File "/opt/ros/humble/share/ament_cmake_core/cmake/core/package_xml_2_cmake.py", line 150, in <module>
[2.299s]     main()
[2.299s]   File "/opt/ros/humble/share/ament_cmake_core/cmake/core/package_xml_2_cmake.py", line 53, in main
[2.300s]     raise e
[2.300s]   File "/opt/ros/humble/share/ament_cmake_core/cmake/core/package_xml_2_cmake.py", line 49, in main
[2.300s]     package = parse_package_string(
[2.300s]   File "/usr/lib/python3/dist-packages/catkin_pkg/package.py", line 786, in parse_package_string
[2.300s]     raise InvalidPackage('Error(s):%s' % (''.join(['\n- %s' % e for e in errors])), filename)
[2.300s] catkin_pkg.package.InvalidPackage: Error(s) in package '/home/robot/robot_ws/src/nav2_test_utils-master/package.xml':
[2.300s] Error(s):
[2.300s] - The manifest of package "nav2_test_utils" (with format version 3) must not contain the following tags: root
[2.314s] [31mCMake Error at /opt/ros/humble/share/ament_cmake_core/cmake/core/ament_package_xml.cmake:95 (message):
[2.315s]   execute_process(/usr/bin/python3.10
[2.315s]   /opt/ros/humble/share/ament_cmake_core/cmake/core/package_xml_2_cmake.py
[2.315s]   /home/robot/robot_ws/src/nav2_test_utils-master/package.xml
[2.315s]   /home/robot/robot_ws/build/nav2_test_utils/ament_cmake_core/package.cmake)
[2.315s]   returned error code 1
[2.315s] Call Stack (most recent call first):
[2.315s]   /opt/ros/humble/share/ament_cmake_core/cmake/core/ament_package_xml.cmake:49 (_ament_package_xml)
[2.315s]   /opt/ros/humble/share/ament_lint_auto/cmake/ament_lint_auto_find_test_dependencies.cmake:31 (ament_package_xml)
[2.315s]   CMakeLists.txt:56 (ament_lint_auto_find_test_dependencies)
[2.315s] 
[2.315s] [0m
[2.315s] -- Configuring incomplete, errors occurred!
[2.316s] See also "/home/robot/robot_ws/build/nav2_test_utils/CMakeFiles/CMakeOutput.log".
[2.322s] gmake: *** [Makefile:308: cmake_check_build_system] Error 1
[2.324s] Invoked command in '/home/robot/robot_ws/build/nav2_test_utils' returned '2': /usr/bin/cmake --build /home/robot/robot_ws/build/nav2_test_utils -- -j4 -l4
