[0.094s] Invoking command in '/home/robot/robot_ws/build/safeway_robot_controll_packet_RS485': CMAKE_PREFIX_PATH=/opt/ros/humble /usr/bin/cmake --build /home/robot/robot_ws/build/safeway_robot_controll_packet_RS485 -- -j4 -l4
[0.227s] [ 50%] [32mBuilding CXX object CMakeFiles/packet_RS485_publisher.dir/src/packet_RS485_publisher.cpp.o[0m
[0.375s] [01m[K/home/robot/robot_ws/src/safeway_robot_controll_packet_RS485/src/packet_RS485_publisher.cpp:8:10:[m[K [01;31m[Kfatal error: [m[Kwindow.h: ê·¸ëŸ° íŒŒì¼ì´ë‚˜ ë””ë ‰í„°ë¦¬ê°€ ì—†ìŠµë‹ˆë‹¤
[0.375s]     8 | #include [01;31m[K<window.h>[m[K
[0.375s]       |          [01;31m[K^~~~~~~~~~[m[K
[0.375s] compilation terminated.
[0.377s] gmake[2]: *** [CMakeFiles/packet_RS485_publisher.dir/build.make:76: CMakeFiles/packet_RS485_publisher.dir/src/packet_RS485_publisher.cpp.o] ì˜¤ë¥˜ 1
[0.378s] gmake[1]: *** [CMakeFiles/Makefile2:137: CMakeFiles/packet_RS485_publisher.dir/all] ì˜¤ë¥˜ 2
[0.378s] gmake: *** [Makefile:146: all] ì˜¤ë¥˜ 2
[0.381s] Invoked command in '/home/robot/robot_ws/build/safeway_robot_controll_packet_RS485' returned '2': CMAKE_PREFIX_PATH=/opt/ros/humble /usr/bin/cmake --build /home/robot/robot_ws/build/safeway_robot_controll_packet_RS485 -- -j4 -l4
