[0.224s] Invoking command in '/home/robot/robot_ws/build/ld08_driver': CMAKE_PREFIX_PATH=${CMAKE_PREFIX_PATH}:/home/robot/robot_ws/install/urdf_tutorial:/home/robot/turtlebot3_ws/install/turtlebot3_teleop:/home/robot/turtlebot3_ws/install/turtlebot3_example:/opt/ros/humble /usr/bin/cmake --build /home/robot/robot_ws/build/ld08_driver -- -j4 -l4
[0.287s] [35m[1mConsolidate compiler generated dependencies of target ld08_driver[0m
[0.327s] [ 16%] [32mBuilding CXX object CMakeFiles/ld08_driver.dir/src/main.cpp.o[0m
[0.330s] [ 33%] [32mBuilding CXX object CMakeFiles/ld08_driver.dir/src/lipkg.cpp.o[0m
[6.465s] [01m[K/home/robot/robot_ws/src/ld08_driver/src/main.cpp:[m[K In function â€˜[01m[Kint main(int, char**)[m[Kâ€™:
[6.466s] [01m[K/home/robot/robot_ws/src/ld08_driver/src/main.cpp:32:3:[m[K [01;31m[Kerror: [m[Kâ€˜[01m[Klidar_cloud[m[Kâ€™ was not declared in this scope; did you mean â€˜[01m[Klidar_pub[m[Kâ€™?
[6.466s]    32 |   [01;31m[Klidar_cloud[m[K->points[i] * pkg;
[6.466s]       |   [01;31m[K^~~~~~~~~~~[m[K
[6.467s]       |   [32m[Klidar_pub[m[K
[6.468s] [01m[K/home/robot/robot_ws/src/ld08_driver/src/main.cpp:32:23:[m[K [01;31m[Kerror: [m[Kâ€˜[01m[Ki[m[Kâ€™ was not declared in this scope
[6.468s]    32 |   lidar_cloud->points[[01;31m[Ki[m[K] * pkg;
[6.469s]       |                       [01;31m[K^[m[K
[6.479s] [01m[K/home/robot/robot_ws/src/ld08_driver/src/main.cpp:32:28:[m[K [01;31m[Kerror: [m[Kâ€˜[01m[Kpkg[m[Kâ€™ was not declared in this scope
[6.480s]    32 |   lidar_cloud->points[i] * [01;31m[Kpkg[m[K;
[6.480s]       |                            [01;31m[K^~~[m[K
[6.486s] [01m[K/home/robot/robot_ws/src/ld08_driver/src/main.cpp:[m[K In lambda function:
[6.486s] [01m[K/home/robot/robot_ws/src/ld08_driver/src/main.cpp:52:13:[m[K [01;31m[Kerror: [m[Kâ€˜[01m[Kpkg[m[Kâ€™ is not captured
[6.486s]    52 |         if ([01;31m[Kpkg[m[K->Parse((const uint8_t *)(byte), len)) {
[6.486s]       |             [01;31m[K^~~[m[K
[6.486s] [01m[K/home/robot/robot_ws/src/ld08_driver/src/main.cpp:51:12:[m[K [01;36m[Knote: [m[Kthe lambda has no capture-default
[6.486s]    51 |       [&pkg[01;36m[K][m[K(const char * byte, size_t len) {
[6.486s]       |            [01;36m[K^[m[K
[6.486s] [01m[K/home/robot/robot_ws/src/ld08_driver/src/main.cpp:32:28:[m[K [01;36m[Knote: [m[Kâ€˜[01m[K<typeprefixerror>pkg[m[Kâ€™ declared here
[6.486s]    32 |   lidar_cloud->points[i] * [01;36m[Kpkg[m[K;
[6.487s]       |                            [01;36m[K^~~[m[K
[6.487s] [01m[K/home/robot/robot_ws/src/ld08_driver/src/main.cpp:53:11:[m[K [01;31m[Kerror: [m[Kâ€˜[01m[Kpkg[m[Kâ€™ is not captured
[6.487s]    53 |           [01;31m[Kpkg[m[K->AssemblePacket();
[6.487s]       |           [01;31m[K^~~[m[K
[6.487s] [01m[K/home/robot/robot_ws/src/ld08_driver/src/main.cpp:51:12:[m[K [01;36m[Knote: [m[Kthe lambda has no capture-default
[6.487s]    51 |       [&pkg[01;36m[K][m[K(const char * byte, size_t len) {
[6.487s]       |            [01;36m[K^[m[K
[6.487s] [01m[K/home/robot/robot_ws/src/ld08_driver/src/main.cpp:32:28:[m[K [01;36m[Knote: [m[Kâ€˜[01m[K<typeprefixerror>pkg[m[Kâ€™ declared here
[6.487s]    32 |   lidar_cloud->points[i] * [01;36m[Kpkg[m[K;
[6.487s]       |                            [01;36m[K^~~[m[K
[8.638s] gmake[2]: *** [CMakeFiles/ld08_driver.dir/build.make:104: CMakeFiles/ld08_driver.dir/src/main.cpp.o] Error 1
[8.638s] gmake[1]: *** [CMakeFiles/Makefile2:137: CMakeFiles/ld08_driver.dir/all] Error 2
[8.642s] gmake: *** [Makefile:146: all] Error 2
[8.647s] Invoked command in '/home/robot/robot_ws/build/ld08_driver' returned '2': CMAKE_PREFIX_PATH=${CMAKE_PREFIX_PATH}:/home/robot/robot_ws/install/urdf_tutorial:/home/robot/turtlebot3_ws/install/turtlebot3_teleop:/home/robot/turtlebot3_ws/install/turtlebot3_example:/opt/ros/humble /usr/bin/cmake --build /home/robot/robot_ws/build/ld08_driver -- -j4 -l4
